This is pdfTeX, Version 3.1415926-2.5-1.40.14 (MiKTeX 2.9) (preloaded format=pdflatex 2015.1.6)  16 APR 2015 16:24
entering extended mode
**C:/Users/Laurent/Dropbox/School/Master/Thesis/SITREP/SITREP*16/SITREP_16.tex
("C:/Users/Laurent/Dropbox/School/Master/Thesis/SITREP/SITREP 16/SITREP_16.tex"
LaTeX2e <2011/06/27>
Babel <v3.8m> and hyphenation patterns for english, afrikaans, ancientgreek, ar
abic, armenian, assamese, basque, bengali, bokmal, bulgarian, catalan, coptic, 
croatian, czech, danish, dutch, esperanto, estonian, farsi, finnish, french, ga
lician, german, german-x-2013-05-26, greek, gujarati, hindi, hungarian, iceland
ic, indonesian, interlingua, irish, italian, kannada, kurmanji, latin, latvian,
 lithuanian, malayalam, marathi, mongolian, mongolianlmc, monogreek, ngerman, n
german-x-2013-05-26, nynorsk, oriya, panjabi, pinyin, polish, portuguese, roman
ian, russian, sanskrit, serbian, slovak, slovenian, spanish, swedish, swissgerm
an, tamil, telugu, turkish, turkmen, ukenglish, ukrainian, uppersorbian, usengl
ishmax, welsh, loaded.
("C:\Program Files\MiKTeX 2.9\tex\latex\base\article.cls"
Document Class: article 2007/10/19 v1.4h Standard LaTeX document class
("C:\Program Files\MiKTeX 2.9\tex\latex\base\size11.clo"
File: size11.clo 2007/10/19 v1.4h Standard LaTeX file (size option)
)
\c@part=\count79
\c@section=\count80
\c@subsection=\count81
\c@subsubsection=\count82
\c@paragraph=\count83
\c@subparagraph=\count84
\c@figure=\count85
\c@table=\count86
\abovecaptionskip=\skip41
\belowcaptionskip=\skip42
\bibindent=\dimen102
)
(C:\Users\Laurent\AppData\Roaming\MiKTeX\2.9\tex\latex\preprint\fullpage.sty
Package: fullpage 1999/02/23 1.1 (PWD)
\FP@margin=\skip43
)
("C:\Program Files\MiKTeX 2.9\tex\generic\babel\babel.sty"
Package: babel 2008/07/08 v3.8m The Babel package

*************************************
* Local config file bblopts.cfg used
*
("C:\Program Files\MiKTeX 2.9\tex\latex\00miktex\bblopts.cfg"
File: bblopts.cfg 2006/07/31 v1.0 MiKTeX 'babel' configuration
)
(C:\Users\Laurent\AppData\Roaming\MiKTeX\2.9\tex\latex\babel-english\english.ld
f
Language: english 2012/08/20 v3.3p English support from the babel system
 ("C:\Program Files\MiKTeX 2.9\tex\generic\babel\babel.def"
File: babel.def 2008/07/08 v3.8m Babel common definitions
\babel@savecnt=\count87
\U@D=\dimen103
)
\l@canadian = a dialect from \language\l@american 
\l@australian = a dialect from \language\l@british 
\l@newzealand = a dialect from \language\l@british 
))
("C:\Program Files\MiKTeX 2.9\tex\latex\graphics\graphicx.sty"
Package: graphicx 1999/02/16 v1.0f Enhanced LaTeX Graphics (DPC,SPQR)

("C:\Program Files\MiKTeX 2.9\tex\latex\graphics\keyval.sty"
Package: keyval 1999/03/16 v1.13 key=value parser (DPC)
\KV@toks@=\toks14
)
("C:\Program Files\MiKTeX 2.9\tex\latex\graphics\graphics.sty"
Package: graphics 2009/02/05 v1.0o Standard LaTeX Graphics (DPC,SPQR)

("C:\Program Files\MiKTeX 2.9\tex\latex\graphics\trig.sty"
Package: trig 1999/03/16 v1.09 sin cos tan (DPC)
)
("C:\Program Files\MiKTeX 2.9\tex\latex\00miktex\graphics.cfg"
File: graphics.cfg 2007/01/18 v1.5 graphics configuration of teTeX/TeXLive
)
Package graphics Info: Driver file: pdftex.def on input line 91.

("C:\Program Files\MiKTeX 2.9\tex\latex\pdftex-def\pdftex.def"
File: pdftex.def 2011/05/27 v0.06d Graphics/color for pdfTeX

("C:\Program Files\MiKTeX 2.9\tex\generic\oberdiek\infwarerr.sty"
Package: infwarerr 2010/04/08 v1.3 Providing info/warning/error messages (HO)
)
("C:\Program Files\MiKTeX 2.9\tex\generic\oberdiek\ltxcmds.sty"
Package: ltxcmds 2011/11/09 v1.22 LaTeX kernel commands for general use (HO)
)
\Gread@gobject=\count88
))
\Gin@req@height=\dimen104
\Gin@req@width=\dimen105
)
(C:\Users\Laurent\AppData\Roaming\MiKTeX\2.9\tex\latex\caption\caption2.sty
Package: caption2 2013/02/03 v2.2-62 Customising captions (AR)


Package caption2 Warning: ****************************************************
(caption2)                THIS PACKAGE IS OBSOLETE:
(caption2)                This package attempts to provide an `caption2'
(caption2)                package v2.0/2.1 author environment so that OLD
(caption2)                documents can be successfully processed. It should
(caption2)                NOT be used for NEW documents! New documents should
(caption2)                use the regular `caption' package v3.x instead.
(caption2)                ****************************************************

(C:\Users\Laurent\AppData\Roaming\MiKTeX\2.9\tex\latex\caption\caption3.sty
Package: caption3 2013/05/02 v1.6-88 caption3 kernel (AR)
Package caption3 Info: TeX engine: e-TeX on input line 57.
\captionmargin=\dimen106
\captionmargin@=\dimen107
\captionwidth=\dimen108
\caption@tempdima=\dimen109
\caption@indent=\dimen110
\caption@parindent=\dimen111
\caption@hangindent=\dimen112
)
Package caption2 Info: Running in caption2 v2.0 compatibility mode on input lin
e 215.
\captionlinewidth=\dimen113
\realcaptionwidth=\dimen114
)
("C:\Program Files\MiKTeX 2.9\tex\latex\hyperref\nameref.sty"
Package: nameref 2012/10/27 v2.43 Cross-referencing by name of section

("C:\Program Files\MiKTeX 2.9\tex\latex\oberdiek\refcount.sty"
Package: refcount 2011/10/16 v3.4 Data extraction from label references (HO)
)
("C:\Program Files\MiKTeX 2.9\tex\generic\oberdiek\gettitlestring.sty"
Package: gettitlestring 2010/12/03 v1.4 Cleanup title references (HO)

("C:\Program Files\MiKTeX 2.9\tex\latex\oberdiek\kvoptions.sty"
Package: kvoptions 2011/06/30 v3.11 Key value format for package options (HO)

("C:\Program Files\MiKTeX 2.9\tex\generic\oberdiek\kvsetkeys.sty"
Package: kvsetkeys 2012/04/25 v1.16 Key value parser (HO)

("C:\Program Files\MiKTeX 2.9\tex\generic\oberdiek\etexcmds.sty"
Package: etexcmds 2011/02/16 v1.5 Avoid name clashes with e-TeX commands (HO)

("C:\Program Files\MiKTeX 2.9\tex\generic\oberdiek\ifluatex.sty"
Package: ifluatex 2010/03/01 v1.3 Provides the ifluatex switch (HO)
Package ifluatex Info: LuaTeX not detected.
)
Package etexcmds Info: Could not find \expanded.
(etexcmds)             That can mean that you are not using pdfTeX 1.50 or
(etexcmds)             that some package has redefined \expanded.
(etexcmds)             In the latter case, load this package earlier.
))))
\c@section@level=\count89
LaTeX Info: Redefining \ref on input line 353.
LaTeX Info: Redefining \pageref on input line 353.
)
("C:\Program Files\MiKTeX 2.9\tex\latex\hyperref\hyperref.sty"
Package: hyperref 2012/11/06 v6.83m Hypertext links for LaTeX

("C:\Program Files\MiKTeX 2.9\tex\generic\oberdiek\hobsub-hyperref.sty"
Package: hobsub-hyperref 2012/04/25 v1.12 Bundle oberdiek, subset hyperref (HO)


("C:\Program Files\MiKTeX 2.9\tex\generic\oberdiek\hobsub-generic.sty"
Package: hobsub-generic 2012/04/25 v1.12 Bundle oberdiek, subset generic (HO)
Package: hobsub 2012/04/25 v1.12 Construct package bundles (HO)
Package hobsub Info: Skipping package `infwarerr' (already loaded).
Package hobsub Info: Skipping package `ltxcmds' (already loaded).
Package hobsub Info: Skipping package `ifluatex' (already loaded).
Package: ifvtex 2010/03/01 v1.5 Detect VTeX and its facilities (HO)
Package ifvtex Info: VTeX not detected.
Package: intcalc 2007/09/27 v1.1 Expandable calculations with integers (HO)
Package: ifpdf 2011/01/30 v2.3 Provides the ifpdf switch (HO)
Package ifpdf Info: pdfTeX in PDF mode is detected.
Package hobsub Info: Skipping package `etexcmds' (already loaded).
Package hobsub Info: Skipping package `kvsetkeys' (already loaded).
Package: kvdefinekeys 2011/04/07 v1.3 Define keys (HO)
Package: pdftexcmds 2011/11/29 v0.20 Utility functions of pdfTeX for LuaTeX (HO
)
Package pdftexcmds Info: LuaTeX not detected.
Package pdftexcmds Info: \pdf@primitive is available.
Package pdftexcmds Info: \pdf@ifprimitive is available.
Package pdftexcmds Info: \pdfdraftmode found.
Package: pdfescape 2011/11/25 v1.13 Implements pdfTeX's escape features (HO)
Package: bigintcalc 2012/04/08 v1.3 Expandable calculations on big integers (HO
)
Package: bitset 2011/01/30 v1.1 Handle bit-vector datatype (HO)
Package: uniquecounter 2011/01/30 v1.2 Provide unlimited unique counter (HO)
)
Package hobsub Info: Skipping package `hobsub' (already loaded).
Package: letltxmacro 2010/09/02 v1.4 Let assignment for LaTeX macros (HO)
Package: hopatch 2011/06/24 v1.1 Wrapper for package hooks (HO)
Package: xcolor-patch 2011/01/30 xcolor patch
Package: atveryend 2011/06/30 v1.8 Hooks at the very end of document (HO)
Package atveryend Info: \enddocument detected (standard20110627).
Package: atbegshi 2011/10/05 v1.16 At begin shipout hook (HO)
Package hobsub Info: Skipping package `refcount' (already loaded).
Package: hycolor 2011/01/30 v1.7 Color options for hyperref/bookmark (HO)
)
("C:\Program Files\MiKTeX 2.9\tex\generic\ifxetex\ifxetex.sty"
Package: ifxetex 2010/09/12 v0.6 Provides ifxetex conditional
)
("C:\Program Files\MiKTeX 2.9\tex\latex\oberdiek\auxhook.sty"
Package: auxhook 2011/03/04 v1.3 Hooks for auxiliary files (HO)
)
\@linkdim=\dimen115
\Hy@linkcounter=\count90
\Hy@pagecounter=\count91

("C:\Program Files\MiKTeX 2.9\tex\latex\hyperref\pd1enc.def"
File: pd1enc.def 2012/11/06 v6.83m Hyperref: PDFDocEncoding definition (HO)
)
\Hy@SavedSpaceFactor=\count92

("C:\Program Files\MiKTeX 2.9\tex\latex\00miktex\hyperref.cfg"
File: hyperref.cfg 2002/06/06 v1.2 hyperref configuration of TeXLive
)
Package hyperref Info: Hyper figures OFF on input line 4443.
Package hyperref Info: Link nesting OFF on input line 4448.
Package hyperref Info: Hyper index ON on input line 4451.
Package hyperref Info: Plain pages OFF on input line 4458.
Package hyperref Info: Backreferencing OFF on input line 4463.
Package hyperref Info: Implicit mode ON; LaTeX internals redefined.
Package hyperref Info: Bookmarks ON on input line 4688.
\c@Hy@tempcnt=\count93

(C:\Users\Laurent\AppData\Roaming\MiKTeX\2.9\tex\latex\url\url.sty
\Urlmuskip=\muskip10
Package: url 2013/09/16  ver 3.4  Verb mode for urls, etc.
)
LaTeX Info: Redefining \url on input line 5041.
\XeTeXLinkMargin=\dimen116
\Fld@menulength=\count94
\Field@Width=\dimen117
\Fld@charsize=\dimen118
Package hyperref Info: Hyper figures OFF on input line 6295.
Package hyperref Info: Link nesting OFF on input line 6300.
Package hyperref Info: Hyper index ON on input line 6303.
Package hyperref Info: backreferencing OFF on input line 6310.
Package hyperref Info: Link coloring OFF on input line 6315.
Package hyperref Info: Link coloring with OCG OFF on input line 6320.
Package hyperref Info: PDF/A mode OFF on input line 6325.
LaTeX Info: Redefining \ref on input line 6365.
LaTeX Info: Redefining \pageref on input line 6369.
\Hy@abspage=\count95
\c@Item=\count96
\c@Hfootnote=\count97
)

Package hyperref Message: Driver (autodetected): hpdftex.

("C:\Program Files\MiKTeX 2.9\tex\latex\hyperref\hpdftex.def"
File: hpdftex.def 2012/11/06 v6.83m Hyperref driver for pdfTeX
\Fld@listcount=\count98
\c@bookmark@seq@number=\count99

("C:\Program Files\MiKTeX 2.9\tex\latex\oberdiek\rerunfilecheck.sty"
Package: rerunfilecheck 2011/04/15 v1.7 Rerun checks for auxiliary files (HO)
Package uniquecounter Info: New unique counter `rerunfilecheck' on input line 2
82.
)
\Hy@SectionHShift=\skip44
)
Package hyperref Info: Option `colorlinks' set `true' on input line 14.

("C:\Users\Laurent\Dropbox\School\Master\Thesis\SITREP\SITREP 16\SITREP_16.aux"
)
LaTeX Font Info:    Checking defaults for OML/cmm/m/it on input line 20.
LaTeX Font Info:    ... okay on input line 20.
LaTeX Font Info:    Checking defaults for T1/cmr/m/n on input line 20.
LaTeX Font Info:    ... okay on input line 20.
LaTeX Font Info:    Checking defaults for OT1/cmr/m/n on input line 20.
LaTeX Font Info:    ... okay on input line 20.
LaTeX Font Info:    Checking defaults for OMS/cmsy/m/n on input line 20.
LaTeX Font Info:    ... okay on input line 20.
LaTeX Font Info:    Checking defaults for OMX/cmex/m/n on input line 20.
LaTeX Font Info:    ... okay on input line 20.
LaTeX Font Info:    Checking defaults for U/cmr/m/n on input line 20.
LaTeX Font Info:    ... okay on input line 20.
LaTeX Font Info:    Checking defaults for PD1/pdf/m/n on input line 20.
LaTeX Font Info:    ... okay on input line 20.
 (C:\Users\Laurent\AppData\Roaming\MiKTeX\2.9\tex\context\base\supp-pdf.mkii
[Loading MPS to PDF converter (version 2006.09.02).]
\scratchcounter=\count100
\scratchdimen=\dimen119
\scratchbox=\box26
\nofMPsegments=\count101
\nofMParguments=\count102
\everyMPshowfont=\toks15
\MPscratchCnt=\count103
\MPscratchDim=\dimen120
\MPnumerator=\count104
\makeMPintoPDFobject=\count105
\everyMPtoPDFconversion=\toks16
)
Package caption Info: Begin \AtBeginDocument code.
Package caption Info: End \AtBeginDocument code.
\AtBeginShipoutBox=\box27
 ("C:\Program Files\MiKTeX 2.9\tex\latex\graphics\color.sty"
Package: color 2005/11/14 v1.0j Standard LaTeX Color (DPC)

("C:\Program Files\MiKTeX 2.9\tex\latex\00miktex\color.cfg"
File: color.cfg 2007/01/18 v1.5 color configuration of teTeX/TeXLive
)
Package color Info: Driver file: pdftex.def on input line 130.
)
Package hyperref Info: Link coloring ON on input line 20.
LaTeX Info: Redefining \ref on input line 20.
LaTeX Info: Redefining \pageref on input line 20.
LaTeX Info: Redefining \nameref on input line 20.

("C:\Users\Laurent\Dropbox\School\Master\Thesis\SITREP\SITREP 16\SITREP_16.out"
) ("C:\Users\Laurent\Dropbox\School\Master\Thesis\SITREP\SITREP 16\SITREP_16.ou
t")
\@outlinefile=\write3
LaTeX Font Info:    External font `cmex10' loaded for size
(Font)              <12> on input line 22.
LaTeX Font Info:    External font `cmex10' loaded for size
(Font)              <8> on input line 22.
LaTeX Font Info:    External font `cmex10' loaded for size
(Font)              <6> on input line 22.
LaTeX Font Info:    External font `cmex10' loaded for size
(Font)              <10.95> on input line 31.
 <Network.png, id=3, 983.17313pt x 813.0375pt>
File: Network.png Graphic file (type png)
 <use Network.png>
Package pdftex.def Info: Network.png used on input line 34.
(pdftex.def)             Requested size: 452.9679pt x 374.58487pt.

<Cloud_3.png, id=5, 598.48593pt x 250.68657pt>
File: Cloud_3.png Graphic file (type png)
 <use Cloud_3.png>
Package pdftex.def Info: Cloud_3.png used on input line 40.
(pdftex.def)             Requested size: 452.9679pt x 189.73578pt.

<Cloud_1.png, id=6, 581.17125pt x 432.11438pt>
File: Cloud_1.png Graphic file (type png)
 <use Cloud_1.png>
Package pdftex.def Info: Cloud_1.png used on input line 46.
(pdftex.def)             Requested size: 452.9679pt x 336.79729pt.

<Cloud_2.png, id=7, 694.84593pt x 348.55219pt>
File: Cloud_2.png Graphic file (type png)
 <use Cloud_2.png>
Package pdftex.def Info: Cloud_2.png used on input line 52.
(pdftex.def)             Requested size: 452.9679pt x 227.21571pt.

<Overview_1.png, id=8, 386.19281pt x 211.54031pt>
File: Overview_1.png Graphic file (type png)
 <use Overview_1.png>
Package pdftex.def Info: Overview_1.png used on input line 58.
(pdftex.def)             Requested size: 386.19185pt x 211.53978pt.

<VM_1.png, id=9, 663.22781pt x 281.55188pt>
File: VM_1.png Graphic file (type png)
 <use VM_1.png>
Package pdftex.def Info: VM_1.png used on input line 64.
(pdftex.def)             Requested size: 452.9679pt x 192.29477pt.

<VM_2.png, id=10, 633.86812pt x 301.8778pt>
File: VM_2.png Graphic file (type png)
 <use VM_2.png>
Package pdftex.def Info: VM_2.png used on input line 70.
(pdftex.def)             Requested size: 452.9679pt x 215.73044pt.

<VM_3.png, id=11, 633.11531pt x 229.60782pt>
File: VM_3.png Graphic file (type png)
 <use VM_3.png>
Package pdftex.def Info: VM_3.png used on input line 76.
(pdftex.def)             Requested size: 452.9679pt x 164.27695pt.

<VM_4.png, id=12, 702.37407pt x 201.00093pt>
File: VM_4.png Graphic file (type png)
 <use VM_4.png>
Package pdftex.def Info: VM_4.png used on input line 82.
(pdftex.def)             Requested size: 452.9679pt x 129.6308pt.

<VM_5.png, id=13, 274.02374pt x 223.58531pt>
File: VM_5.png Graphic file (type png)
 <use VM_5.png>
Package pdftex.def Info: VM_5.png used on input line 88.
(pdftex.def)             Requested size: 274.02307pt x 223.58475pt.

<VM_6.png, id=14, 580.41844pt x 216.81pt>
File: VM_6.png Graphic file (type png)
 <use VM_6.png>
Package pdftex.def Info: VM_6.png used on input line 94.
(pdftex.def)             Requested size: 452.9679pt x 169.20374pt.

<VM_7.png, id=15, 752.8125pt x 355.3275pt>
File: VM_7.png Graphic file (type png)
 <use VM_7.png>
Package pdftex.def Info: VM_7.png used on input line 100.
(pdftex.def)             Requested size: 452.9679pt x 213.80537pt.

<Hosts_1.png, id=16, 900.36375pt x 100.87688pt>
File: Hosts_1.png Graphic file (type png)
 <use Hosts_1.png>
Package pdftex.def Info: Hosts_1.png used on input line 106.
(pdftex.def)             Requested size: 452.9679pt x 50.75076pt.

<Hosts_2.png, id=17, 790.45313pt x 306.39468pt>
File: Hosts_2.png Graphic file (type png)
 <use Hosts_2.png>
Package pdftex.def Info: Hosts_2.png used on input line 112.
(pdftex.def)             Requested size: 452.9679pt x 175.58182pt.

Underfull \hbox (badness 10000) in paragraph at lines 23--115

 []


Underfull \hbox (badness 10000) in paragraph at lines 23--115

 []


Underfull \hbox (badness 10000) in paragraph at lines 23--115

 []


Underfull \hbox (badness 10000) in paragraph at lines 23--115

 []


Underfull \hbox (badness 10000) in paragraph at lines 23--115

 []


Underfull \hbox (badness 10000) in paragraph at lines 23--115

 []


Underfull \hbox (badness 10000) in paragraph at lines 23--115

 []


Underfull \hbox (badness 10000) in paragraph at lines 23--115

 []


Underfull \hbox (badness 10000) in paragraph at lines 23--115

 []


Underfull \hbox (badness 10000) in paragraph at lines 23--115

 []


Underfull \hbox (badness 10000) in paragraph at lines 23--115

 []


Underfull \hbox (badness 10000) in paragraph at lines 23--115

 []


Underfull \hbox (badness 10000) in paragraph at lines 23--115

 []


Underfull \hbox (badness 10000) in paragraph at lines 23--115

 []


Underfull \hbox (badness 10000) in paragraph at lines 23--115

 []


Underfull \hbox (badness 10000) in paragraph at lines 23--115

 []


Underfull \hbox (badness 10000) in paragraph at lines 23--115

 []


Underfull \hbox (badness 10000) in paragraph at lines 23--115

 []


Underfull \hbox (badness 10000) in paragraph at lines 23--115

 []


Underfull \hbox (badness 10000) in paragraph at lines 23--115

 []


Underfull \hbox (badness 10000) in paragraph at lines 23--115

 []


Underfull \hbox (badness 10000) in paragraph at lines 23--115

 []


Underfull \hbox (badness 10000) in paragraph at lines 23--115

 []


Underfull \hbox (badness 10000) in paragraph at lines 23--115

 []


Underfull \hbox (badness 10000) in paragraph at lines 23--115

 []


Underfull \hbox (badness 10000) in paragraph at lines 23--115

 []


Underfull \hbox (badness 10000) in paragraph at lines 23--115

 []


Underfull \hbox (badness 10000) in paragraph at lines 23--115

 []


Underfull \hbox (badness 10000) in paragraph at lines 23--115

 []


Underfull \hbox (badness 10000) in paragraph at lines 23--115

 []


Underfull \hbox (badness 10000) in paragraph at lines 23--115

 []

[1

{C:/Users/Laurent/AppData/Local/MiKTeX/2.9/pdftex/config/pdftex.map}]
[2 <C:/Users/Laurent/Dropbox/School/Master/Thesis/SITREP/SITREP 16/Network.png>
 <C:/Users/Laurent/Dropbox/School/Master/Thesis/SITREP/SITREP 16/Cloud_3.png>]
[3 <C:/Users/Laurent/Dropbox/School/Master/Thesis/SITREP/SITREP 16/Cloud_1.png>
 <C:/Users/Laurent/Dropbox/School/Master/Thesis/SITREP/SITREP 16/Cloud_2.png>]
[4 <C:/Users/Laurent/Dropbox/School/Master/Thesis/SITREP/SITREP 16/Overview_1.p
ng> <C:/Users/Laurent/Dropbox/School/Master/Thesis/SITREP/SITREP 16/VM_1.png>]
[5 <C:/Users/Laurent/Dropbox/School/Master/Thesis/SITREP/SITREP 16/VM_2.png> <C
:/Users/Laurent/Dropbox/School/Master/Thesis/SITREP/SITREP 16/VM_3.png> <C:/Use
rs/Laurent/Dropbox/School/Master/Thesis/SITREP/SITREP 16/VM_4.png>] [6 <C:/User
s/Laurent/Dropbox/School/Master/Thesis/SITREP/SITREP 16/VM_5.png> <C:/Users/Lau
rent/Dropbox/School/Master/Thesis/SITREP/SITREP 16/VM_6.png>] [7 <C:/Users/Laur
ent/Dropbox/School/Master/Thesis/SITREP/SITREP 16/VM_7.png> <C:/Users/Laurent/D
ropbox/School/Master/Thesis/SITREP/SITREP 16/Hosts_1.png> <C:/Users/Laurent/Dro
pbox/School/Master/Thesis/SITREP/SITREP 16/Hosts_2.png>]
Package atveryend Info: Empty hook `BeforeClearDocument' on input line 135.
 [8]
Package atveryend Info: Empty hook `AfterLastShipout' on input line 135.

("C:\Users\Laurent\Dropbox\School\Master\Thesis\SITREP\SITREP 16\SITREP_16.aux"
)
Package atveryend Info: Executing hook `AtVeryEndDocument' on input line 135.
Package atveryend Info: Executing hook `AtEndAfterFileList' on input line 135.
Package rerunfilecheck Info: File `SITREP_16.out' has not changed.
(rerunfilecheck)             Checksum: D41D8CD98F00B204E9800998ECF8427E;0.
Package atveryend Info: Empty hook `AtVeryVeryEnd' on input line 135.
 ) 
Here is how much of TeX's memory you used:
 6123 strings out of 493921
 93201 string characters out of 3147277
 177930 words of memory out of 3000000
 9329 multiletter control sequences out of 15000+200000
 9426 words of font info for 33 fonts, out of 3000000 for 9000
 841 hyphenation exceptions out of 8191
 42i,6n,38p,490b,332s stack positions out of 5000i,500n,10000p,200000b,50000s
<C:/Program Files/MiKTeX 2.9/fonts/type1/public/amsfonts/cm/cmbx10.pfb><C:/Pr
ogram Files/MiKTeX 2.9/fonts/type1/public/amsfonts/cm/cmbx12.pfb><C:/Program Fi
les/MiKTeX 2.9/fonts/type1/public/amsfonts/cm/cmr10.pfb><C:/Program Files/MiKTe
X 2.9/fonts/type1/public/amsfonts/cm/cmr12.pfb><C:/Program Files/MiKTeX 2.9/fon
ts/type1/public/amsfonts/cm/cmr17.pfb>
Output written on SITREP_16.pdf (8 pages, 479154 bytes).
PDF statistics:
 100 PDF objects out of 1000 (max. 8388607)
 27 named destinations out of 1000 (max. 500000)
 71 words of extra memory for PDF output out of 10000 (max. 10000000)

