This is pdfTeX, Version 3.1415926-2.5-1.40.14 (MiKTeX 2.9) (preloaded format=pdflatex 2015.1.6)  30 MAR 2015 19:18
entering extended mode
**C:/Users/Laurent/Dropbox/School/Master/Thesis/SITREP/SITREP*12/SITREP_12.tex
("C:/Users/Laurent/Dropbox/School/Master/Thesis/SITREP/SITREP 12/SITREP_12.tex"
LaTeX2e <2011/06/27>
Babel <v3.8m> and hyphenation patterns for english, afrikaans, ancientgreek, ar
abic, armenian, assamese, basque, bengali, bokmal, bulgarian, catalan, coptic, 
croatian, czech, danish, dutch, esperanto, estonian, farsi, finnish, french, ga
lician, german, german-x-2013-05-26, greek, gujarati, hindi, hungarian, iceland
ic, indonesian, interlingua, irish, italian, kannada, kurmanji, latin, latvian,
 lithuanian, malayalam, marathi, mongolian, mongolianlmc, monogreek, ngerman, n
german-x-2013-05-26, nynorsk, oriya, panjabi, pinyin, polish, portuguese, roman
ian, russian, sanskrit, serbian, slovak, slovenian, spanish, swedish, swissgerm
an, tamil, telugu, turkish, turkmen, ukenglish, ukrainian, uppersorbian, usengl
ishmax, welsh, loaded.
("C:\Program Files\MiKTeX 2.9\tex\latex\base\article.cls"
Document Class: article 2007/10/19 v1.4h Standard LaTeX document class
("C:\Program Files\MiKTeX 2.9\tex\latex\base\size11.clo"
File: size11.clo 2007/10/19 v1.4h Standard LaTeX file (size option)
)
\c@part=\count79
\c@section=\count80
\c@subsection=\count81
\c@subsubsection=\count82
\c@paragraph=\count83
\c@subparagraph=\count84
\c@figure=\count85
\c@table=\count86
\abovecaptionskip=\skip41
\belowcaptionskip=\skip42
\bibindent=\dimen102
)
(C:\Users\Laurent\AppData\Roaming\MiKTeX\2.9\tex\latex\preprint\fullpage.sty
Package: fullpage 1999/02/23 1.1 (PWD)
\FP@margin=\skip43
)
("C:\Program Files\MiKTeX 2.9\tex\generic\babel\babel.sty"
Package: babel 2008/07/08 v3.8m The Babel package

*************************************
* Local config file bblopts.cfg used
*
("C:\Program Files\MiKTeX 2.9\tex\latex\00miktex\bblopts.cfg"
File: bblopts.cfg 2006/07/31 v1.0 MiKTeX 'babel' configuration
)
(C:\Users\Laurent\AppData\Roaming\MiKTeX\2.9\tex\latex\babel-english\english.ld
f
Language: english 2012/08/20 v3.3p English support from the babel system
 ("C:\Program Files\MiKTeX 2.9\tex\generic\babel\babel.def"
File: babel.def 2008/07/08 v3.8m Babel common definitions
\babel@savecnt=\count87
\U@D=\dimen103
)
\l@canadian = a dialect from \language\l@american 
\l@australian = a dialect from \language\l@british 
\l@newzealand = a dialect from \language\l@british 
))
("C:\Program Files\MiKTeX 2.9\tex\latex\graphics\graphicx.sty"
Package: graphicx 1999/02/16 v1.0f Enhanced LaTeX Graphics (DPC,SPQR)

("C:\Program Files\MiKTeX 2.9\tex\latex\graphics\keyval.sty"
Package: keyval 1999/03/16 v1.13 key=value parser (DPC)
\KV@toks@=\toks14
)
("C:\Program Files\MiKTeX 2.9\tex\latex\graphics\graphics.sty"
Package: graphics 2009/02/05 v1.0o Standard LaTeX Graphics (DPC,SPQR)

("C:\Program Files\MiKTeX 2.9\tex\latex\graphics\trig.sty"
Package: trig 1999/03/16 v1.09 sin cos tan (DPC)
)
("C:\Program Files\MiKTeX 2.9\tex\latex\00miktex\graphics.cfg"
File: graphics.cfg 2007/01/18 v1.5 graphics configuration of teTeX/TeXLive
)
Package graphics Info: Driver file: pdftex.def on input line 91.

("C:\Program Files\MiKTeX 2.9\tex\latex\pdftex-def\pdftex.def"
File: pdftex.def 2011/05/27 v0.06d Graphics/color for pdfTeX

("C:\Program Files\MiKTeX 2.9\tex\generic\oberdiek\infwarerr.sty"
Package: infwarerr 2010/04/08 v1.3 Providing info/warning/error messages (HO)
)
("C:\Program Files\MiKTeX 2.9\tex\generic\oberdiek\ltxcmds.sty"
Package: ltxcmds 2011/11/09 v1.22 LaTeX kernel commands for general use (HO)
)
\Gread@gobject=\count88
))
\Gin@req@height=\dimen104
\Gin@req@width=\dimen105
)
(C:\Users\Laurent\AppData\Roaming\MiKTeX\2.9\tex\latex\caption\caption2.sty
Package: caption2 2013/02/03 v2.2-62 Customising captions (AR)


Package caption2 Warning: ****************************************************
(caption2)                THIS PACKAGE IS OBSOLETE:
(caption2)                This package attempts to provide an `caption2'
(caption2)                package v2.0/2.1 author environment so that OLD
(caption2)                documents can be successfully processed. It should
(caption2)                NOT be used for NEW documents! New documents should
(caption2)                use the regular `caption' package v3.x instead.
(caption2)                ****************************************************

(C:\Users\Laurent\AppData\Roaming\MiKTeX\2.9\tex\latex\caption\caption3.sty
Package: caption3 2013/05/02 v1.6-88 caption3 kernel (AR)
Package caption3 Info: TeX engine: e-TeX on input line 57.
\captionmargin=\dimen106
\captionmargin@=\dimen107
\captionwidth=\dimen108
\caption@tempdima=\dimen109
\caption@indent=\dimen110
\caption@parindent=\dimen111
\caption@hangindent=\dimen112
)
Package caption2 Info: Running in caption2 v2.0 compatibility mode on input lin
e 215.
\captionlinewidth=\dimen113
\realcaptionwidth=\dimen114
)
("C:\Program Files\MiKTeX 2.9\tex\latex\hyperref\hyperref.sty"
Package: hyperref 2012/11/06 v6.83m Hypertext links for LaTeX

("C:\Program Files\MiKTeX 2.9\tex\generic\oberdiek\hobsub-hyperref.sty"
Package: hobsub-hyperref 2012/04/25 v1.12 Bundle oberdiek, subset hyperref (HO)


("C:\Program Files\MiKTeX 2.9\tex\generic\oberdiek\hobsub-generic.sty"
Package: hobsub-generic 2012/04/25 v1.12 Bundle oberdiek, subset generic (HO)
Package: hobsub 2012/04/25 v1.12 Construct package bundles (HO)
Package hobsub Info: Skipping package `infwarerr' (already loaded).
Package hobsub Info: Skipping package `ltxcmds' (already loaded).
Package: ifluatex 2010/03/01 v1.3 Provides the ifluatex switch (HO)
Package ifluatex Info: LuaTeX not detected.
Package: ifvtex 2010/03/01 v1.5 Detect VTeX and its facilities (HO)
Package ifvtex Info: VTeX not detected.
Package: intcalc 2007/09/27 v1.1 Expandable calculations with integers (HO)
Package: ifpdf 2011/01/30 v2.3 Provides the ifpdf switch (HO)
Package ifpdf Info: pdfTeX in PDF mode is detected.
Package: etexcmds 2011/02/16 v1.5 Avoid name clashes with e-TeX commands (HO)
Package etexcmds Info: Could not find \expanded.
(etexcmds)             That can mean that you are not using pdfTeX 1.50 or
(etexcmds)             that some package has redefined \expanded.
(etexcmds)             In the latter case, load this package earlier.
Package: kvsetkeys 2012/04/25 v1.16 Key value parser (HO)
Package: kvdefinekeys 2011/04/07 v1.3 Define keys (HO)
Package: pdftexcmds 2011/11/29 v0.20 Utility functions of pdfTeX for LuaTeX (HO
)
Package pdftexcmds Info: LuaTeX not detected.
Package pdftexcmds Info: \pdf@primitive is available.
Package pdftexcmds Info: \pdf@ifprimitive is available.
Package pdftexcmds Info: \pdfdraftmode found.
Package: pdfescape 2011/11/25 v1.13 Implements pdfTeX's escape features (HO)
Package: bigintcalc 2012/04/08 v1.3 Expandable calculations on big integers (HO
)
Package: bitset 2011/01/30 v1.1 Handle bit-vector datatype (HO)
Package: uniquecounter 2011/01/30 v1.2 Provide unlimited unique counter (HO)
)
Package hobsub Info: Skipping package `hobsub' (already loaded).
Package: letltxmacro 2010/09/02 v1.4 Let assignment for LaTeX macros (HO)
Package: hopatch 2011/06/24 v1.1 Wrapper for package hooks (HO)
Package: xcolor-patch 2011/01/30 xcolor patch
Package: atveryend 2011/06/30 v1.8 Hooks at the very end of document (HO)
Package atveryend Info: \enddocument detected (standard20110627).
Package: atbegshi 2011/10/05 v1.16 At begin shipout hook (HO)
Package: refcount 2011/10/16 v3.4 Data extraction from label references (HO)
Package: hycolor 2011/01/30 v1.7 Color options for hyperref/bookmark (HO)
)
("C:\Program Files\MiKTeX 2.9\tex\generic\ifxetex\ifxetex.sty"
Package: ifxetex 2010/09/12 v0.6 Provides ifxetex conditional
)
("C:\Program Files\MiKTeX 2.9\tex\latex\oberdiek\auxhook.sty"
Package: auxhook 2011/03/04 v1.3 Hooks for auxiliary files (HO)
)
("C:\Program Files\MiKTeX 2.9\tex\latex\oberdiek\kvoptions.sty"
Package: kvoptions 2011/06/30 v3.11 Key value format for package options (HO)
)
\@linkdim=\dimen115
\Hy@linkcounter=\count89
\Hy@pagecounter=\count90

("C:\Program Files\MiKTeX 2.9\tex\latex\hyperref\pd1enc.def"
File: pd1enc.def 2012/11/06 v6.83m Hyperref: PDFDocEncoding definition (HO)
)
\Hy@SavedSpaceFactor=\count91

("C:\Program Files\MiKTeX 2.9\tex\latex\00miktex\hyperref.cfg"
File: hyperref.cfg 2002/06/06 v1.2 hyperref configuration of TeXLive
)
Package hyperref Info: Hyper figures OFF on input line 4443.
Package hyperref Info: Link nesting OFF on input line 4448.
Package hyperref Info: Hyper index ON on input line 4451.
Package hyperref Info: Plain pages OFF on input line 4458.
Package hyperref Info: Backreferencing OFF on input line 4463.
Package hyperref Info: Implicit mode ON; LaTeX internals redefined.
Package hyperref Info: Bookmarks ON on input line 4688.
\c@Hy@tempcnt=\count92

(C:\Users\Laurent\AppData\Roaming\MiKTeX\2.9\tex\latex\url\url.sty
\Urlmuskip=\muskip10
Package: url 2013/09/16  ver 3.4  Verb mode for urls, etc.
)
LaTeX Info: Redefining \url on input line 5041.
\XeTeXLinkMargin=\dimen116
\Fld@menulength=\count93
\Field@Width=\dimen117
\Fld@charsize=\dimen118
Package hyperref Info: Hyper figures OFF on input line 6295.
Package hyperref Info: Link nesting OFF on input line 6300.
Package hyperref Info: Hyper index ON on input line 6303.
Package hyperref Info: backreferencing OFF on input line 6310.
Package hyperref Info: Link coloring OFF on input line 6315.
Package hyperref Info: Link coloring with OCG OFF on input line 6320.
Package hyperref Info: PDF/A mode OFF on input line 6325.
LaTeX Info: Redefining \ref on input line 6365.
LaTeX Info: Redefining \pageref on input line 6369.
\Hy@abspage=\count94
\c@Item=\count95
\c@Hfootnote=\count96
)

Package hyperref Message: Driver (autodetected): hpdftex.

("C:\Program Files\MiKTeX 2.9\tex\latex\hyperref\hpdftex.def"
File: hpdftex.def 2012/11/06 v6.83m Hyperref driver for pdfTeX
\Fld@listcount=\count97
\c@bookmark@seq@number=\count98

("C:\Program Files\MiKTeX 2.9\tex\latex\oberdiek\rerunfilecheck.sty"
Package: rerunfilecheck 2011/04/15 v1.7 Rerun checks for auxiliary files (HO)
Package uniquecounter Info: New unique counter `rerunfilecheck' on input line 2
82.
)
\Hy@SectionHShift=\skip44
)
Package hyperref Info: Option `colorlinks' set `true' on input line 13.

("C:\Users\Laurent\Dropbox\School\Master\Thesis\SITREP\SITREP 12\SITREP_12.aux"
)
LaTeX Font Info:    Checking defaults for OML/cmm/m/it on input line 19.
LaTeX Font Info:    ... okay on input line 19.
LaTeX Font Info:    Checking defaults for T1/cmr/m/n on input line 19.
LaTeX Font Info:    ... okay on input line 19.
LaTeX Font Info:    Checking defaults for OT1/cmr/m/n on input line 19.
LaTeX Font Info:    ... okay on input line 19.
LaTeX Font Info:    Checking defaults for OMS/cmsy/m/n on input line 19.
LaTeX Font Info:    ... okay on input line 19.
LaTeX Font Info:    Checking defaults for OMX/cmex/m/n on input line 19.
LaTeX Font Info:    ... okay on input line 19.
LaTeX Font Info:    Checking defaults for U/cmr/m/n on input line 19.
LaTeX Font Info:    ... okay on input line 19.
LaTeX Font Info:    Checking defaults for PD1/pdf/m/n on input line 19.
LaTeX Font Info:    ... okay on input line 19.
 (C:\Users\Laurent\AppData\Roaming\MiKTeX\2.9\tex\context\base\supp-pdf.mkii
[Loading MPS to PDF converter (version 2006.09.02).]
\scratchcounter=\count99
\scratchdimen=\dimen119
\scratchbox=\box26
\nofMPsegments=\count100
\nofMParguments=\count101
\everyMPshowfont=\toks15
\MPscratchCnt=\count102
\MPscratchDim=\dimen120
\MPnumerator=\count103
\makeMPintoPDFobject=\count104
\everyMPtoPDFconversion=\toks16
)
Package caption Info: Begin \AtBeginDocument code.
Package caption Info: End \AtBeginDocument code.
\AtBeginShipoutBox=\box27
 ("C:\Program Files\MiKTeX 2.9\tex\latex\graphics\color.sty"
Package: color 2005/11/14 v1.0j Standard LaTeX Color (DPC)

("C:\Program Files\MiKTeX 2.9\tex\latex\00miktex\color.cfg"
File: color.cfg 2007/01/18 v1.5 color configuration of teTeX/TeXLive
)
Package color Info: Driver file: pdftex.def on input line 130.
)
Package hyperref Info: Link coloring ON on input line 19.

("C:\Program Files\MiKTeX 2.9\tex\latex\hyperref\nameref.sty"
Package: nameref 2012/10/27 v2.43 Cross-referencing by name of section

("C:\Program Files\MiKTeX 2.9\tex\generic\oberdiek\gettitlestring.sty"
Package: gettitlestring 2010/12/03 v1.4 Cleanup title references (HO)
)
\c@section@level=\count105
)
LaTeX Info: Redefining \ref on input line 19.
LaTeX Info: Redefining \pageref on input line 19.
LaTeX Info: Redefining \nameref on input line 19.

("C:\Users\Laurent\Dropbox\School\Master\Thesis\SITREP\SITREP 12\SITREP_12.out"
) ("C:\Users\Laurent\Dropbox\School\Master\Thesis\SITREP\SITREP 12\SITREP_12.ou
t")
\@outlinefile=\write3
LaTeX Font Info:    External font `cmex10' loaded for size
(Font)              <12> on input line 21.
LaTeX Font Info:    External font `cmex10' loaded for size
(Font)              <8> on input line 21.
LaTeX Font Info:    External font `cmex10' loaded for size
(Font)              <6> on input line 21.
LaTeX Font Info:    Try loading font information for OMS+cmr on input line 26.
 ("C:\Program Files\MiKTeX 2.9\tex\latex\base\omscmr.fd"
File: omscmr.fd 1999/05/25 v2.5h Standard LaTeX font definitions
)
LaTeX Font Info:    Font shape `OMS/cmr/m/n' in size <10.95> not available
(Font)              Font shape `OMS/cmsy/m/n' tried instead on input line 26.

<Ping_Unfragmented_putty.png, id=3, 271.76532pt x 15.80907pt>
File: Ping_Unfragmented_putty.png Graphic file (type png)

<use Ping_Unfragmented_putty.png>
Package pdftex.def Info: Ping_Unfragmented_putty.png used on input line 43.
(pdftex.def)             Requested size: 271.76465pt x 15.809pt.
LaTeX Font Info:    External font `cmex10' loaded for size
(Font)              <10.95> on input line 45.

<Ping_Unfragmented.png, id=4, 820.56563pt x 387.69844pt>
File: Ping_Unfragmented.png Graphic file (type png)

<use Ping_Unfragmented.png>
Package pdftex.def Info: Ping_Unfragmented.png used on input line 48.
(pdftex.def)             Requested size: 452.9679pt x 214.01567pt.

<Ping_Fragmented_2_putty.png, id=6, 415.5525pt x 133.24782pt>
File: Ping_Fragmented_2_putty.png Graphic file (type png)

<use Ping_Fragmented_2_putty.png>
Package pdftex.def Info: Ping_Fragmented_2_putty.png used on input line 55.
(pdftex.def)             Requested size: 415.55148pt x 133.24748pt.

<Ping_Fragmented.png, id=7, 825.0825pt x 355.3275pt>
File: Ping_Fragmented.png Graphic file (type png)
 <use Ping_Fragmented.png>
Package pdftex.def Info: Ping_Fragmented.png used on input line 62.
(pdftex.def)             Requested size: 452.9679pt x 195.07288pt.

<Ping_Fragmented_2.png, id=8, 808.52063pt x 223.58531pt>
File: Ping_Fragmented_2.png Graphic file (type png)

<use Ping_Fragmented_2.png>
Package pdftex.def Info: Ping_Fragmented_2.png used on input line 68.
(pdftex.def)             Requested size: 452.9679pt x 125.26491pt.
 <Ping_Large.png, id=9, 821.31844pt x 117.43875pt>
File: Ping_Large.png Graphic file (type png)

<use Ping_Large.png>
Package pdftex.def Info: Ping_Large.png used on input line 75.
(pdftex.def)             Requested size: 452.9679pt x 64.7689pt.
 <OS_Detection.png, id=10, 816.80156pt x 125.71968pt>
File: OS_Detection.png Graphic file (type png)

<use OS_Detection.png>
Package pdftex.def Info: OS_Detection.png used on input line 81.
(pdftex.def)             Requested size: 452.9679pt x 69.7196pt.

Underfull \hbox (badness 10000) in paragraph at lines 40--84

 []


Underfull \hbox (badness 10000) in paragraph at lines 40--84

 []


Underfull \hbox (badness 10000) in paragraph at lines 40--84

 []


Underfull \hbox (badness 10000) in paragraph at lines 40--84

 []


Underfull \hbox (badness 10000) in paragraph at lines 40--84

 []


Underfull \hbox (badness 10000) in paragraph at lines 40--84

 []


Underfull \hbox (badness 10000) in paragraph at lines 40--84

 []


Underfull \hbox (badness 10000) in paragraph at lines 40--84

 []


Underfull \hbox (badness 10000) in paragraph at lines 40--84

 []


Underfull \hbox (badness 10000) in paragraph at lines 40--84

 []


Underfull \hbox (badness 10000) in paragraph at lines 40--84

 []


Underfull \hbox (badness 10000) in paragraph at lines 40--84

 []


Underfull \hbox (badness 10000) in paragraph at lines 40--84

 []

[1

{C:/Users/Laurent/AppData/Local/MiKTeX/2.9/pdftex/config/pdftex.map} <C:/Users/
Laurent/Dropbox/School/Master/Thesis/SITREP/SITREP 12/Ping_Unfragmented_putty.p
ng>] [2 <C:/Users/Laurent/Dropbox/School/Master/Thesis/SITREP/SITREP 12/Ping_Un
fragmented.png> <C:/Users/Laurent/Dropbox/School/Master/Thesis/SITREP/SITREP 12
/Ping_Fragmented_2_putty.png>] <FTP_1.png, id=33, 822.07124pt x 216.81pt>
File: FTP_1.png Graphic file (type png)

<use FTP_1.png>
Package pdftex.def Info: FTP_1.png used on input line 91.
(pdftex.def)             Requested size: 452.9679pt x 119.4642pt.
 <FTP_2.png, id=34, 822.82407pt x 137.7647pt>
File: FTP_2.png Graphic file (type png)
 <use FTP_2.png>
Package pdftex.def Info: FTP_2.png used on input line 97.
(pdftex.def)             Requested size: 452.9679pt x 75.84016pt.

<FTP_4.png, id=35, 544.28343pt x 168.63pt>
File: FTP_4.png Graphic file (type png)
 <use FTP_4.png>
Package pdftex.def Info: FTP_4.png used on input line 103.
(pdftex.def)             Requested size: 452.9679pt x 140.33852pt.

<FTP_3.png, id=36, 817.55438pt x 198.7425pt>
File: FTP_3.png Graphic file (type png)
 <use FTP_3.png>
Package pdftex.def Info: FTP_3.png used on input line 109.
(pdftex.def)             Requested size: 452.9679pt x 110.11536pt.

<FTP_6.png, id=37, 509.65407pt x 389.95688pt>
File: FTP_6.png Graphic file (type png)
 <use FTP_6.png>
Package pdftex.def Info: FTP_6.png used on input line 116.
(pdftex.def)             Requested size: 452.9679pt x 346.60236pt.

<FTP_5.png, id=38, 758.835pt x 322.20375pt>
File: FTP_5.png Graphic file (type png)
 <use FTP_5.png>
Package pdftex.def Info: FTP_5.png used on input line 122.
(pdftex.def)             Requested size: 452.9679pt x 192.33553pt.

Underfull \hbox (badness 10000) in paragraph at lines 87--125

 []


Underfull \hbox (badness 10000) in paragraph at lines 87--125

 []


Underfull \hbox (badness 10000) in paragraph at lines 87--125

 []


Underfull \hbox (badness 10000) in paragraph at lines 87--125

 []


Underfull \hbox (badness 10000) in paragraph at lines 87--125

 []


Underfull \hbox (badness 10000) in paragraph at lines 87--125

 []


Underfull \hbox (badness 10000) in paragraph at lines 87--125

 []


Underfull \hbox (badness 10000) in paragraph at lines 87--125

 []


Underfull \hbox (badness 10000) in paragraph at lines 87--125

 []


Underfull \hbox (badness 10000) in paragraph at lines 87--125

 []


Underfull \hbox (badness 10000) in paragraph at lines 87--125

 []


Underfull \hbox (badness 10000) in paragraph at lines 87--125

 []

[3 <C:/Users/Laurent/Dropbox/School/Master/Thesis/SITREP/SITREP 12/Ping_Fragmen
ted.png> <C:/Users/Laurent/Dropbox/School/Master/Thesis/SITREP/SITREP 12/Ping_F
ragmented_2.png> <C:/Users/Laurent/Dropbox/School/Master/Thesis/SITREP/SITREP 1
2/Ping_Large.png> <C:/Users/Laurent/Dropbox/School/Master/Thesis/SITREP/SITREP 
12/OS_Detection.png>] [4 <C:/Users/Laurent/Dropbox/School/Master/Thesis/SITREP/
SITREP 12/FTP_1.png> <C:/Users/Laurent/Dropbox/School/Master/Thesis/SITREP/SITR
EP 12/FTP_2.png> <C:/Users/Laurent/Dropbox/School/Master/Thesis/SITREP/SITREP 1
2/FTP_4.png>] [5 <C:/Users/Laurent/Dropbox/School/Master/Thesis/SITREP/SITREP 1
2/FTP_3.png> <C:/Users/Laurent/Dropbox/School/Master/Thesis/SITREP/SITREP 12/FT
P_6.png>] <SSH.png, id=68, 813.79031pt x 56.46094pt>
File: SSH.png Graphic file (type png)
 <use SSH.png>
Package pdftex.def Info: SSH.png used on input line 131.
(pdftex.def)             Requested size: 452.9679pt x 31.42664pt.

Underfull \hbox (badness 10000) in paragraph at lines 128--134

 []

<MySQL_3.png, id=69, 508.14844pt x 277.78781pt>
File: MySQL_3.png Graphic file (type png)
 <use MySQL_3.png>
Package pdftex.def Info: MySQL_3.png used on input line 142.
(pdftex.def)             Requested size: 452.9679pt x 247.63303pt.

<MySQL_1.png, id=70, 749.80125pt x 150.5625pt>
File: MySQL_1.png Graphic file (type png)
 <use MySQL_1.png>
Package pdftex.def Info: MySQL_1.png used on input line 148.
(pdftex.def)             Requested size: 452.9679pt x 90.95848pt.

<MySQL_2.png, id=71, 749.04843pt x 164.86594pt>
File: MySQL_2.png Graphic file (type png)
 <use MySQL_2.png>
Package pdftex.def Info: MySQL_2.png used on input line 155.
(pdftex.def)             Requested size: 452.9679pt x 99.70015pt.

<MySQL_4.png, id=72, 806.26219pt x 180.675pt>
File: MySQL_4.png Graphic file (type png)
 <use MySQL_4.png>
Package pdftex.def Info: MySQL_4.png used on input line 160.
(pdftex.def)             Requested size: 452.9679pt x 101.50537pt.

Underfull \hbox (badness 10000) in paragraph at lines 139--163

 []


Underfull \hbox (badness 10000) in paragraph at lines 139--163

 []


Underfull \hbox (badness 10000) in paragraph at lines 139--163

 []


Underfull \hbox (badness 10000) in paragraph at lines 139--163

 []


Underfull \hbox (badness 10000) in paragraph at lines 139--163

 []


Underfull \hbox (badness 10000) in paragraph at lines 139--163

 []

[6 <C:/Users/Laurent/Dropbox/School/Master/Thesis/SITREP/SITREP 12/FTP_5.png> <
C:/Users/Laurent/Dropbox/School/Master/Thesis/SITREP/SITREP 12/SSH.png>]
[7 <C:/Users/Laurent/Dropbox/School/Master/Thesis/SITREP/SITREP 12/MySQL_3.png>
 <C:/Users/Laurent/Dropbox/School/Master/Thesis/SITREP/SITREP 12/MySQL_1.png> <
C:/Users/Laurent/Dropbox/School/Master/Thesis/SITREP/SITREP 12/MySQL_2.png>]
<Trojan_1.png, id=92, 496.85625pt x 144.54pt>
File: Trojan_1.png Graphic file (type png)
 <use Trojan_1.png>
Package pdftex.def Info: Trojan_1.png used on input line 170.
(pdftex.def)             Requested size: 452.9679pt x 131.77419pt.

<Trojan_2.png, id=93, 487.06969pt x 186.6975pt>
File: Trojan_2.png Graphic file (type png)
 <use Trojan_2.png>
Package pdftex.def Info: Trojan_2.png used on input line 176.
(pdftex.def)             Requested size: 452.9679pt x 173.62686pt.

<Trojan_3.png, id=94, 405.76593pt x 93.34875pt>
File: Trojan_3.png Graphic file (type png)
 <use Trojan_3.png>
Package pdftex.def Info: Trojan_3.png used on input line 182.
(pdftex.def)             Requested size: 452.9679pt x 104.21086pt.

<Trojan_4.png, id=95, 501.37312pt x 267.24844pt>
File: Trojan_4.png Graphic file (type png)
 <use Trojan_4.png>
Package pdftex.def Info: Trojan_4.png used on input line 188.
(pdftex.def)             Requested size: 452.9679pt x 241.45927pt.

<Trojan_5.png, id=96, 499.11469pt x 366.61969pt>
File: Trojan_5.png Graphic file (type png)
 <use Trojan_5.png>
Package pdftex.def Info: Trojan_5.png used on input line 194.
(pdftex.def)             Requested size: 452.9679pt x 332.73495pt.

<Trojan_7.png, id=97, 506.6428pt x 386.19281pt>
File: Trojan_7.png Graphic file (type png)
 <use Trojan_7.png>
Package pdftex.def Info: Trojan_7.png used on input line 200.
(pdftex.def)             Requested size: 452.9679pt x 345.28978pt.

<Trojan_6.png, id=98, 834.11626pt x 342.5297pt>
File: Trojan_6.png Graphic file (type png)
 <use Trojan_6.png>
Package pdftex.def Info: Trojan_6.png used on input line 206.
(pdftex.def)             Requested size: 452.9679pt x 186.01381pt.

Underfull \hbox (badness 10000) in paragraph at lines 166--211

 []


Underfull \hbox (badness 10000) in paragraph at lines 166--211

 []


Underfull \hbox (badness 10000) in paragraph at lines 166--211

 []


Underfull \hbox (badness 10000) in paragraph at lines 166--211

 []


Underfull \hbox (badness 10000) in paragraph at lines 166--211

 []


Underfull \hbox (badness 10000) in paragraph at lines 166--211

 []


Underfull \hbox (badness 10000) in paragraph at lines 166--211

 []


Underfull \hbox (badness 10000) in paragraph at lines 166--211

 []


Underfull \hbox (badness 10000) in paragraph at lines 166--211

 []


Underfull \hbox (badness 10000) in paragraph at lines 166--211

 []


Underfull \hbox (badness 10000) in paragraph at lines 166--211

 []


Underfull \hbox (badness 10000) in paragraph at lines 166--211

 []


Underfull \hbox (badness 10000) in paragraph at lines 166--211

 []


Underfull \hbox (badness 10000) in paragraph at lines 166--211

 []


Underfull \hbox (badness 10000) in paragraph at lines 166--211

 []


Underfull \hbox (badness 10000) in paragraph at lines 166--211

 []

[8 <C:/Users/Laurent/Dropbox/School/Master/Thesis/SITREP/SITREP 12/MySQL_4.png>
 <C:/Users/Laurent/Dropbox/School/Master/Thesis/SITREP/SITREP 12/Trojan_1.png> 
<C:/Users/Laurent/Dropbox/School/Master/Thesis/SITREP/SITREP 12/Trojan_2.png>]
[9 <C:/Users/Laurent/Dropbox/School/Master/Thesis/SITREP/SITREP 12/Trojan_3.png
> <C:/Users/Laurent/Dropbox/School/Master/Thesis/SITREP/SITREP 12/Trojan_4.png>
] [10 <C:/Users/Laurent/Dropbox/School/Master/Thesis/SITREP/SITREP 12/Trojan_5.
png>] <DOS_2.png, id=122, 578.16pt x 464.4853pt>
File: DOS_2.png Graphic file (type png)
 <use DOS_2.png>
Package pdftex.def Info: DOS_2.png used on input line 217.
(pdftex.def)             Requested size: 452.9679pt x 363.90594pt.

<DOS.png, id=123, 834.86906pt x 205.5178pt>
File: DOS.png Graphic file (type png)
 <use DOS.png>
Package pdftex.def Info: DOS.png used on input line 223.
(pdftex.def)             Requested size: 452.9679pt x 111.50793pt.

<DOS_4.png, id=124, 933.4875pt x 567.62062pt>
File: DOS_4.png Graphic file (type png)
 <use DOS_4.png>
Package pdftex.def Info: DOS_4.png used on input line 229.
(pdftex.def)             Requested size: 452.9679pt x 275.43423pt.

<DOS_3.png, id=125, 831.85782pt x 219.06844pt>
File: DOS_3.png Graphic file (type png)
 <use DOS_3.png>
Package pdftex.def Info: DOS_3.png used on input line 235.
(pdftex.def)             Requested size: 452.9679pt x 119.28796pt.

Underfull \hbox (badness 10000) in paragraph at lines 214--238

 []


Underfull \hbox (badness 10000) in paragraph at lines 214--238

 []


Underfull \hbox (badness 10000) in paragraph at lines 214--238

 []


Underfull \hbox (badness 10000) in paragraph at lines 214--238

 []


Underfull \hbox (badness 10000) in paragraph at lines 214--238

 []


Underfull \hbox (badness 10000) in paragraph at lines 214--238

 []


Underfull \hbox (badness 10000) in paragraph at lines 214--238

 []

[11 <C:/Users/Laurent/Dropbox/School/Master/Thesis/SITREP/SITREP 12/Trojan_7.pn
g> <C:/Users/Laurent/Dropbox/School/Master/Thesis/SITREP/SITREP 12/Trojan_6.png
>] [12 <C:/Users/Laurent/Dropbox/School/Master/Thesis/SITREP/SITREP 12/DOS_2.pn
g> <C:/Users/Laurent/Dropbox/School/Master/Thesis/SITREP/SITREP 12/DOS.png>]
[13 <C:/Users/Laurent/Dropbox/School/Master/Thesis/SITREP/SITREP 12/DOS_4.png> 
<C:/Users/Laurent/Dropbox/School/Master/Thesis/SITREP/SITREP 12/DOS_3.png>]
Underfull \hbox (badness 10000) in paragraph at lines 243--244

 []


Underfull \hbox (badness 10000) in paragraph at lines 243--244

 []

<Random_1.png, id=149, 833.36343pt x 394.47375pt>
File: Random_1.png Graphic file (type png)
 <use Random_1.png>
Package pdftex.def Info: Random_1.png used on input line 247.
(pdftex.def)             Requested size: 452.9679pt x 214.41512pt.

<Metasploit_1.png, id=150, 819.8128pt x 136.25906pt>
File: Metasploit_1.png Graphic file (type png)
 <use Metasploit_1.png>
Package pdftex.def Info: Metasploit_1.png used on input line 253.
(pdftex.def)             Requested size: 452.9679pt x 75.28784pt.

<Exe.png, id=151, 819.8128pt x 137.7647pt>
File: Exe.png Graphic file (type png)
 <use Exe.png>
Package pdftex.def Info: Exe.png used on input line 259.
(pdftex.def)             Requested size: 452.9679pt x 76.11975pt.

Underfull \hbox (badness 10000) in paragraph at lines 245--264

 []


Underfull \hbox (badness 10000) in paragraph at lines 245--264

 []


Underfull \hbox (badness 10000) in paragraph at lines 245--264

 []


Underfull \hbox (badness 10000) in paragraph at lines 245--264

 []


Underfull \hbox (badness 10000) in paragraph at lines 245--264

 []


Underfull \hbox (badness 10000) in paragraph at lines 245--264

 []

[14

 <C:/Users/Laurent/Dropbox/School/Master/Thesis/SITREP/SITREP 12/Random_1.png> 
<C:/Users/Laurent/Dropbox/School/Master/Thesis/SITREP/SITREP 12/Metasploit_1.pn
g> <C:/Users/Laurent/Dropbox/School/Master/Thesis/SITREP/SITREP 12/Exe.png>]
Package atveryend Info: Empty hook `BeforeClearDocument' on input line 290.
[15]
Package atveryend Info: Empty hook `AfterLastShipout' on input line 290.

("C:\Users\Laurent\Dropbox\School\Master\Thesis\SITREP\SITREP 12\SITREP_12.aux"
)
Package atveryend Info: Executing hook `AtVeryEndDocument' on input line 290.
Package atveryend Info: Executing hook `AtEndAfterFileList' on input line 290.
Package rerunfilecheck Info: File `SITREP_12.out' has not changed.
(rerunfilecheck)             Checksum: D41D8CD98F00B204E9800998ECF8427E;0.
Package atveryend Info: Empty hook `AtVeryVeryEnd' on input line 290.
 ) 
Here is how much of TeX's memory you used:
 6252 strings out of 493921
 94964 string characters out of 3147277
 173633 words of memory out of 3000000
 9416 multiletter control sequences out of 15000+200000
 9118 words of font info for 32 fonts, out of 3000000 for 9000
 841 hyphenation exceptions out of 8191
 36i,6n,38p,448b,332s stack positions out of 5000i,500n,10000p,200000b,50000s
<C:/Program Files/MiKTeX 2.9/fonts/type1/public/amsfonts/cm/cmbx10.pfb><C:/Pr
ogram Files/MiKTeX 2.9/fonts/type1/public/amsfonts/cm/cmbx12.pfb><C:/Program Fi
les/MiKTeX 2.9/fonts/type1/public/amsfonts/cm/cmr10.pfb><C:/Program Files/MiKTe
X 2.9/fonts/type1/public/amsfonts/cm/cmr12.pfb><C:/Program Files/MiKTeX 2.9/fon
ts/type1/public/amsfonts/cm/cmr17.pfb><C:/Program Files/MiKTeX 2.9/fonts/type1/
public/amsfonts/cm/cmsy10.pfb>
Output written on SITREP_12.pdf (15 pages, 1202899 bytes).
PDF statistics:
 204 PDF objects out of 1000 (max. 8388607)
 61 named destinations out of 1000 (max. 500000)
 161 words of extra memory for PDF output out of 10000 (max. 10000000)

