This is pdfTeX, Version 3.1415926-2.5-1.40.14 (MiKTeX 2.9 64-bit) (preloaded format=pdflatex 2015.5.10)  18 MAY 2015 21:27
entering extended mode
**C:/Users/Laurent/Dropbox/School/Master/Thesis/SITREP/SITREP*19/SITREP_19.tex
("C:/Users/Laurent/Dropbox/School/Master/Thesis/SITREP/SITREP 19/SITREP_19.tex"
LaTeX2e <2011/06/27>
Babel <v3.8m> and hyphenation patterns for english, afrikaans, ancientgreek, ar
abic, armenian, assamese, basque, bengali, bokmal, bulgarian, catalan, coptic, 
croatian, czech, danish, dutch, esperanto, estonian, farsi, finnish, french, ga
lician, german, german-x-2013-05-26, greek, gujarati, hindi, hungarian, iceland
ic, indonesian, interlingua, irish, italian, kannada, kurmanji, latin, latvian,
 lithuanian, malayalam, marathi, mongolian, mongolianlmc, monogreek, ngerman, n
german-x-2013-05-26, nynorsk, oriya, panjabi, pinyin, polish, portuguese, roman
ian, russian, sanskrit, serbian, slovak, slovenian, spanish, swedish, swissgerm
an, tamil, telugu, turkish, turkmen, ukenglish, ukrainian, uppersorbian, usengl
ishmax, welsh, loaded.
("C:\Program Files\MiKTeX 2.9\tex\latex\base\article.cls"
Document Class: article 2007/10/19 v1.4h Standard LaTeX document class
("C:\Program Files\MiKTeX 2.9\tex\latex\base\size11.clo"
File: size11.clo 2007/10/19 v1.4h Standard LaTeX file (size option)
)
\c@part=\count79
\c@section=\count80
\c@subsection=\count81
\c@subsubsection=\count82
\c@paragraph=\count83
\c@subparagraph=\count84
\c@figure=\count85
\c@table=\count86
\abovecaptionskip=\skip41
\belowcaptionskip=\skip42
\bibindent=\dimen102
)
(C:\Users\Laurent\AppData\Roaming\MiKTeX\2.9\tex\latex\preprint\fullpage.sty
Package: fullpage 1999/02/23 1.1 (PWD)
\FP@margin=\skip43
)
("C:\Program Files\MiKTeX 2.9\tex\generic\babel\babel.sty"
Package: babel 2008/07/08 v3.8m The Babel package

*************************************
* Local config file bblopts.cfg used
*
("C:\Program Files\MiKTeX 2.9\tex\latex\00miktex\bblopts.cfg"
File: bblopts.cfg 2006/07/31 v1.0 MiKTeX 'babel' configuration
)
("C:\Program Files\MiKTeX 2.9\tex\generic\babel\english.ldf"
Language: english 2005/03/30 v3.3o English support from the babel system

("C:\Program Files\MiKTeX 2.9\tex\generic\babel\babel.def"
File: babel.def 2008/07/08 v3.8m Babel common definitions
\babel@savecnt=\count87
\U@D=\dimen103
)
\l@canadian = a dialect from \language\l@american 
\l@australian = a dialect from \language\l@british 
\l@newzealand = a dialect from \language\l@british 
))
("C:\Program Files\MiKTeX 2.9\tex\latex\graphics\graphicx.sty"
Package: graphicx 1999/02/16 v1.0f Enhanced LaTeX Graphics (DPC,SPQR)

("C:\Program Files\MiKTeX 2.9\tex\latex\graphics\keyval.sty"
Package: keyval 1999/03/16 v1.13 key=value parser (DPC)
\KV@toks@=\toks14
)
("C:\Program Files\MiKTeX 2.9\tex\latex\graphics\graphics.sty"
Package: graphics 2009/02/05 v1.0o Standard LaTeX Graphics (DPC,SPQR)

("C:\Program Files\MiKTeX 2.9\tex\latex\graphics\trig.sty"
Package: trig 1999/03/16 v1.09 sin cos tan (DPC)
)
("C:\Program Files\MiKTeX 2.9\tex\latex\00miktex\graphics.cfg"
File: graphics.cfg 2007/01/18 v1.5 graphics configuration of teTeX/TeXLive
)
Package graphics Info: Driver file: pdftex.def on input line 91.

("C:\Program Files\MiKTeX 2.9\tex\latex\pdftex-def\pdftex.def"
File: pdftex.def 2011/05/27 v0.06d Graphics/color for pdfTeX

("C:\Program Files\MiKTeX 2.9\tex\generic\oberdiek\infwarerr.sty"
Package: infwarerr 2010/04/08 v1.3 Providing info/warning/error messages (HO)
)
("C:\Program Files\MiKTeX 2.9\tex\generic\oberdiek\ltxcmds.sty"
Package: ltxcmds 2011/11/09 v1.22 LaTeX kernel commands for general use (HO)
)
\Gread@gobject=\count88
))
\Gin@req@height=\dimen104
\Gin@req@width=\dimen105
)
(C:\Users\Laurent\AppData\Roaming\MiKTeX\2.9\tex\latex\caption\caption2.sty
Package: caption2 2013/02/03 v2.2-62 Customising captions (AR)


Package caption2 Warning: ****************************************************
(caption2)                THIS PACKAGE IS OBSOLETE:
(caption2)                This package attempts to provide an `caption2'
(caption2)                package v2.0/2.1 author environment so that OLD
(caption2)                documents can be successfully processed. It should
(caption2)                NOT be used for NEW documents! New documents should
(caption2)                use the regular `caption' package v3.x instead.
(caption2)                ****************************************************

(C:\Users\Laurent\AppData\Roaming\MiKTeX\2.9\tex\latex\caption\caption3.sty
Package: caption3 2013/05/02 v1.6-88 caption3 kernel (AR)
Package caption3 Info: TeX engine: e-TeX on input line 57.
\captionmargin=\dimen106
\captionmargin@=\dimen107
\captionwidth=\dimen108
\caption@tempdima=\dimen109
\caption@indent=\dimen110
\caption@parindent=\dimen111
\caption@hangindent=\dimen112
)
Package caption2 Info: Running in caption2 v2.0 compatibility mode on input lin
e 215.
\captionlinewidth=\dimen113
\realcaptionwidth=\dimen114
)
("C:\Program Files\MiKTeX 2.9\tex\latex\hyperref\nameref.sty"
Package: nameref 2012/10/27 v2.43 Cross-referencing by name of section

("C:\Program Files\MiKTeX 2.9\tex\latex\oberdiek\refcount.sty"
Package: refcount 2011/10/16 v3.4 Data extraction from label references (HO)
)
("C:\Program Files\MiKTeX 2.9\tex\generic\oberdiek\gettitlestring.sty"
Package: gettitlestring 2010/12/03 v1.4 Cleanup title references (HO)

("C:\Program Files\MiKTeX 2.9\tex\latex\oberdiek\kvoptions.sty"
Package: kvoptions 2011/06/30 v3.11 Key value format for package options (HO)

("C:\Program Files\MiKTeX 2.9\tex\generic\oberdiek\kvsetkeys.sty"
Package: kvsetkeys 2012/04/25 v1.16 Key value parser (HO)

("C:\Program Files\MiKTeX 2.9\tex\generic\oberdiek\etexcmds.sty"
Package: etexcmds 2011/02/16 v1.5 Avoid name clashes with e-TeX commands (HO)

("C:\Program Files\MiKTeX 2.9\tex\generic\oberdiek\ifluatex.sty"
Package: ifluatex 2010/03/01 v1.3 Provides the ifluatex switch (HO)
Package ifluatex Info: LuaTeX not detected.
)
Package etexcmds Info: Could not find \expanded.
(etexcmds)             That can mean that you are not using pdfTeX 1.50 or
(etexcmds)             that some package has redefined \expanded.
(etexcmds)             In the latter case, load this package earlier.
))))
\c@section@level=\count89
LaTeX Info: Redefining \ref on input line 353.
LaTeX Info: Redefining \pageref on input line 353.
)
("C:\Program Files\MiKTeX 2.9\tex\latex\hyperref\hyperref.sty"
Package: hyperref 2012/11/06 v6.83m Hypertext links for LaTeX

("C:\Program Files\MiKTeX 2.9\tex\generic\oberdiek\hobsub-hyperref.sty"
Package: hobsub-hyperref 2012/04/25 v1.12 Bundle oberdiek, subset hyperref (HO)


("C:\Program Files\MiKTeX 2.9\tex\generic\oberdiek\hobsub-generic.sty"
Package: hobsub-generic 2012/04/25 v1.12 Bundle oberdiek, subset generic (HO)
Package: hobsub 2012/04/25 v1.12 Construct package bundles (HO)
Package hobsub Info: Skipping package `infwarerr' (already loaded).
Package hobsub Info: Skipping package `ltxcmds' (already loaded).
Package hobsub Info: Skipping package `ifluatex' (already loaded).
Package: ifvtex 2010/03/01 v1.5 Detect VTeX and its facilities (HO)
Package ifvtex Info: VTeX not detected.
Package: intcalc 2007/09/27 v1.1 Expandable calculations with integers (HO)
Package: ifpdf 2011/01/30 v2.3 Provides the ifpdf switch (HO)
Package ifpdf Info: pdfTeX in PDF mode is detected.
Package hobsub Info: Skipping package `etexcmds' (already loaded).
Package hobsub Info: Skipping package `kvsetkeys' (already loaded).
Package: kvdefinekeys 2011/04/07 v1.3 Define keys (HO)
Package: pdftexcmds 2011/11/29 v0.20 Utility functions of pdfTeX for LuaTeX (HO
)
Package pdftexcmds Info: LuaTeX not detected.
Package pdftexcmds Info: \pdf@primitive is available.
Package pdftexcmds Info: \pdf@ifprimitive is available.
Package pdftexcmds Info: \pdfdraftmode found.
Package: pdfescape 2011/11/25 v1.13 Implements pdfTeX's escape features (HO)
Package: bigintcalc 2012/04/08 v1.3 Expandable calculations on big integers (HO
)
Package: bitset 2011/01/30 v1.1 Handle bit-vector datatype (HO)
Package: uniquecounter 2011/01/30 v1.2 Provide unlimited unique counter (HO)
)
Package hobsub Info: Skipping package `hobsub' (already loaded).
Package: letltxmacro 2010/09/02 v1.4 Let assignment for LaTeX macros (HO)
Package: hopatch 2011/06/24 v1.1 Wrapper for package hooks (HO)
Package: xcolor-patch 2011/01/30 xcolor patch
Package: atveryend 2011/06/30 v1.8 Hooks at the very end of document (HO)
Package atveryend Info: \enddocument detected (standard20110627).
Package: atbegshi 2011/10/05 v1.16 At begin shipout hook (HO)
Package hobsub Info: Skipping package `refcount' (already loaded).
Package: hycolor 2011/01/30 v1.7 Color options for hyperref/bookmark (HO)
)
("C:\Program Files\MiKTeX 2.9\tex\generic\ifxetex\ifxetex.sty"
Package: ifxetex 2010/09/12 v0.6 Provides ifxetex conditional
)
("C:\Program Files\MiKTeX 2.9\tex\latex\oberdiek\auxhook.sty"
Package: auxhook 2011/03/04 v1.3 Hooks for auxiliary files (HO)
)
\@linkdim=\dimen115
\Hy@linkcounter=\count90
\Hy@pagecounter=\count91

("C:\Program Files\MiKTeX 2.9\tex\latex\hyperref\pd1enc.def"
File: pd1enc.def 2012/11/06 v6.83m Hyperref: PDFDocEncoding definition (HO)
)
\Hy@SavedSpaceFactor=\count92

("C:\Program Files\MiKTeX 2.9\tex\latex\00miktex\hyperref.cfg"
File: hyperref.cfg 2002/06/06 v1.2 hyperref configuration of TeXLive
)
Package hyperref Info: Hyper figures OFF on input line 4443.
Package hyperref Info: Link nesting OFF on input line 4448.
Package hyperref Info: Hyper index ON on input line 4451.
Package hyperref Info: Plain pages OFF on input line 4458.
Package hyperref Info: Backreferencing OFF on input line 4463.
Package hyperref Info: Implicit mode ON; LaTeX internals redefined.
Package hyperref Info: Bookmarks ON on input line 4688.
\c@Hy@tempcnt=\count93

(C:\Users\Laurent\AppData\Roaming\MiKTeX\2.9\tex\latex\url\url.sty
\Urlmuskip=\muskip10
Package: url 2013/09/16  ver 3.4  Verb mode for urls, etc.
)
LaTeX Info: Redefining \url on input line 5041.
\XeTeXLinkMargin=\dimen116
\Fld@menulength=\count94
\Field@Width=\dimen117
\Fld@charsize=\dimen118
Package hyperref Info: Hyper figures OFF on input line 6295.
Package hyperref Info: Link nesting OFF on input line 6300.
Package hyperref Info: Hyper index ON on input line 6303.
Package hyperref Info: backreferencing OFF on input line 6310.
Package hyperref Info: Link coloring OFF on input line 6315.
Package hyperref Info: Link coloring with OCG OFF on input line 6320.
Package hyperref Info: PDF/A mode OFF on input line 6325.
LaTeX Info: Redefining \ref on input line 6365.
LaTeX Info: Redefining \pageref on input line 6369.
\Hy@abspage=\count95
\c@Item=\count96
\c@Hfootnote=\count97
)

Package hyperref Message: Driver (autodetected): hpdftex.

("C:\Program Files\MiKTeX 2.9\tex\latex\hyperref\hpdftex.def"
File: hpdftex.def 2012/11/06 v6.83m Hyperref driver for pdfTeX
\Fld@listcount=\count98
\c@bookmark@seq@number=\count99

("C:\Program Files\MiKTeX 2.9\tex\latex\oberdiek\rerunfilecheck.sty"
Package: rerunfilecheck 2011/04/15 v1.7 Rerun checks for auxiliary files (HO)
Package uniquecounter Info: New unique counter `rerunfilecheck' on input line 2
82.
)
\Hy@SectionHShift=\skip44
)
Package hyperref Info: Option `colorlinks' set `true' on input line 14.

(C:\Users\Laurent\AppData\Roaming\MiKTeX\2.9\tex\latex\pdfpages\pdfpages.sty
Package: pdfpages 2015/04/15 v0.4w Insert pages of external PDF documents (AM)

("C:\Program Files\MiKTeX 2.9\tex\latex\base\ifthen.sty"
Package: ifthen 2001/05/26 v1.1c Standard LaTeX ifthen package (DPC)
)
("C:\Program Files\MiKTeX 2.9\tex\latex\tools\calc.sty"
Package: calc 2007/08/22 v4.3 Infix arithmetic (KKT,FJ)
\calc@Acount=\count100
\calc@Bcount=\count101
\calc@Adimen=\dimen119
\calc@Bdimen=\dimen120
\calc@Askip=\skip45
\calc@Bskip=\skip46
LaTeX Info: Redefining \setlength on input line 76.
LaTeX Info: Redefining \addtolength on input line 77.
\calc@Ccount=\count102
\calc@Cskip=\skip47
)
(C:\Users\Laurent\AppData\Roaming\MiKTeX\2.9\tex\latex\eso-pic\eso-pic.sty
Package: eso-pic 2013/10/06 v2.0d eso-pic (RN)

(C:\Users\Laurent\AppData\Roaming\MiKTeX\2.9\tex\latex\xcolor\xcolor.sty
Package: xcolor 2007/01/21 v2.11 LaTeX color extensions (UK)

("C:\Program Files\MiKTeX 2.9\tex\latex\00miktex\color.cfg"
File: color.cfg 2007/01/18 v1.5 color configuration of teTeX/TeXLive
)
Package xcolor Info: Driver file: pdftex.def on input line 225.
Package xcolor Info: Model `cmy' substituted by `cmy0' on input line 1337.
Package xcolor Info: Model `hsb' substituted by `rgb' on input line 1341.
Package xcolor Info: Model `RGB' extended on input line 1353.
Package xcolor Info: Model `HTML' substituted by `rgb' on input line 1355.
Package xcolor Info: Model `Hsb' substituted by `hsb' on input line 1356.
Package xcolor Info: Model `tHsb' substituted by `hsb' on input line 1357.
Package xcolor Info: Model `HSB' substituted by `hsb' on input line 1358.
Package xcolor Info: Model `Gray' substituted by `gray' on input line 1359.
Package xcolor Info: Model `wave' substituted by `hsb' on input line 1360.
))
(C:\Users\Laurent\AppData\Roaming\MiKTeX\2.9\tex\latex\pdfpages\pppdftex.def
File: pppdftex.def 2015/04/15 v0.4w Pdfpages driver for pdfTeX (AM)
)
\AM@pagebox=\box26
\AM@toc@title=\toks15
\c@AM@survey=\count103
\AM@templatesizebox=\box27
)
(C:\Users\Laurent\AppData\Roaming\MiKTeX\2.9\tex\latex\natbib\natbib.sty
Package: natbib 2010/09/13 8.31b (PWD, AO)
\bibhang=\skip48
\bibsep=\skip49
LaTeX Info: Redefining \cite on input line 694.
\c@NAT@ctr=\count104
)
("C:\Users\Laurent\Dropbox\School\Master\Thesis\SITREP\SITREP 19\SITREP_19.aux"
)
LaTeX Font Info:    Checking defaults for OML/cmm/m/it on input line 23.
LaTeX Font Info:    ... okay on input line 23.
LaTeX Font Info:    Checking defaults for T1/cmr/m/n on input line 23.
LaTeX Font Info:    ... okay on input line 23.
LaTeX Font Info:    Checking defaults for OT1/cmr/m/n on input line 23.
LaTeX Font Info:    ... okay on input line 23.
LaTeX Font Info:    Checking defaults for OMS/cmsy/m/n on input line 23.
LaTeX Font Info:    ... okay on input line 23.
LaTeX Font Info:    Checking defaults for OMX/cmex/m/n on input line 23.
LaTeX Font Info:    ... okay on input line 23.
LaTeX Font Info:    Checking defaults for U/cmr/m/n on input line 23.
LaTeX Font Info:    ... okay on input line 23.
LaTeX Font Info:    Checking defaults for PD1/pdf/m/n on input line 23.
LaTeX Font Info:    ... okay on input line 23.
 (C:\Users\Laurent\AppData\Roaming\MiKTeX\2.9\tex\context\base\supp-pdf.mkii
[Loading MPS to PDF converter (version 2006.09.02).]
\scratchcounter=\count105
\scratchdimen=\dimen121
\scratchbox=\box28
\nofMPsegments=\count106
\nofMParguments=\count107
\everyMPshowfont=\toks16
\MPscratchCnt=\count108
\MPscratchDim=\dimen122
\MPnumerator=\count109
\makeMPintoPDFobject=\count110
\everyMPtoPDFconversion=\toks17
)
Package caption Info: Begin \AtBeginDocument code.
Package caption Info: End \AtBeginDocument code.
\AtBeginShipoutBox=\box29
Package hyperref Info: Link coloring ON on input line 23.
LaTeX Info: Redefining \ref on input line 23.
LaTeX Info: Redefining \pageref on input line 23.
LaTeX Info: Redefining \nameref on input line 23.
 ("C:\Users\Laurent\Dropbox\School\Master\Thesis\SITREP\SITREP 19\SITREP_19.out
")
("C:\Users\Laurent\Dropbox\School\Master\Thesis\SITREP\SITREP 19\SITREP_19.out"
)
\@outlinefile=\write3
LaTeX Font Info:    External font `cmex10' loaded for size
(Font)              <12> on input line 25.
LaTeX Font Info:    External font `cmex10' loaded for size
(Font)              <8> on input line 25.
LaTeX Font Info:    External font `cmex10' loaded for size
(Font)              <6> on input line 25.
LaTeX Font Info:    Try loading font information for OMS+cmr on input line 29.
 ("C:\Program Files\MiKTeX 2.9\tex\latex\base\omscmr.fd"
File: omscmr.fd 1999/05/25 v2.5h Standard LaTeX font definitions
)
LaTeX Font Info:    Font shape `OMS/cmr/m/n' in size <10.95> not available
(Font)              Font shape `OMS/cmsy/m/n' tried instead on input line 29.
LaTeX Font Info:    External font `cmex10' loaded for size
(Font)              <10.95> on input line 38.

<Juniper_2.png, id=3, 544.28343pt x 292.09125pt>
File: Juniper_2.png Graphic file (type png)
 <use Juniper_2.png>
Package pdftex.def Info: Juniper_2.png used on input line 41.
(pdftex.def)             Requested size: 452.9679pt x 243.08636pt.

Underfull \hbox (badness 10000) in paragraph at lines 38--44

 []


Overfull \hbox (27.37506pt too wide) in paragraph at lines 38--44
$[]$ 
 []

[1

{C:/Users/Laurent/AppData/Local/MiKTeX/2.9/pdftex/config/pdftex.map}]
Overfull \hbox (15.97087pt too wide) in paragraph at lines 45--46
[]\OT1/cmr/bx/n/10.95 Set static IP: \OT1/cmtt/m/n/10.95 set intefaces ge-0/0/0
.0 family inet address 192.168.1.50/24 
 []


Overfull \hbox (28.70845pt too wide) in paragraph at lines 46--47
[]\OT1/cmr/bx/n/10.95 Edit the se-cu-rity zone to al-low cer-tain traf-fic: \OT
1/cmtt/m/n/10.95 set security zones security-zone
 []


Overfull \hbox (18.1514pt too wide) in paragraph at lines 46--47
\OT1/cmtt/m/n/10.95 untrust interfaces ge-0/0/0 host-inbound-traffic system-ser
vices ping ssh
 []

<Juniper_3.png, id=17, 423.08063pt x 126.4725pt>
File: Juniper_3.png Graphic file (type png)
 <use Juniper_3.png>
Package pdftex.def Info: Juniper_3.png used on input line 56.
(pdftex.def)             Requested size: 452.9679pt x 135.41107pt.

<Juniper_1.png, id=18, 465.99094pt x 356.0803pt>
File: Juniper_1.png Graphic file (type png)
 <use Juniper_1.png>
Package pdftex.def Info: Juniper_1.png used on input line 64.
(pdftex.def)             Requested size: 452.9679pt x 346.14185pt.

Underfull \hbox (badness 10000) in paragraph at lines 51--67

 []


Underfull \hbox (badness 10000) in paragraph at lines 51--67

 []


Underfull \hbox (badness 10000) in paragraph at lines 51--67

 []


Underfull \hbox (badness 10000) in paragraph at lines 51--67

 []


Underfull \hbox (badness 10000) in paragraph at lines 51--67

 []

[2 <C:/Users/Laurent/Dropbox/School/Master/Thesis/SITREP/SITREP 19/Juniper_2.pn
g> <C:/Users/Laurent/Dropbox/School/Master/Thesis/SITREP/SITREP 19/Juniper_3.pn
g>]
Underfull \hbox (badness 10000) in paragraph at lines 70--74

 []

<NMAP_1.png, id=25, 452.4403pt x 517.935pt>
File: NMAP_1.png Graphic file (type png)
 <use NMAP_1.png>
Package pdftex.def Info: NMAP_1.png used on input line 80.
(pdftex.def)             Requested size: 452.9679pt x 518.53433pt.

Underfull \hbox (badness 10000) in paragraph at lines 74--83

 []

[3 <C:/Users/Laurent/Dropbox/School/Master/Thesis/SITREP/SITREP 19/Juniper_1.pn
g>] [4 <C:/Users/Laurent/Dropbox/School/Master/Thesis/SITREP/SITREP 19/NMAP_1.p
ng>] <Acunetix_3.png, id=48, 629.35126pt x 432.11438pt>
File: Acunetix_3.png Graphic file (type png)
 <use Acunetix_3.png>
Package pdftex.def Info: Acunetix_3.png used on input line 99.
(pdftex.def)             Requested size: 452.9679pt x 311.01001pt.

<Acunetix_4.png, id=50, 617.30624pt x 354.57469pt>
File: Acunetix_4.png Graphic file (type png)
 <use Acunetix_4.png>
Package pdftex.def Info: Acunetix_4.png used on input line 105.
(pdftex.def)             Requested size: 452.9679pt x 260.18996pt.

<Acunetix_5.png, id=57, 615.0478pt x 355.3275pt>
File: Acunetix_5.png Graphic file (type png)
 <use Acunetix_5.png>
Package pdftex.def Info: Acunetix_5.png used on input line 114.
(pdftex.def)             Requested size: 452.9679pt x 261.6912pt.

<Juniper_4.png, id=58, 461.47406pt x 151.3153pt>
File: Juniper_4.png Graphic file (type png)
 <use Juniper_4.png>
Package pdftex.def Info: Juniper_4.png used on input line 122.
(pdftex.def)             Requested size: 452.9679pt x 148.52579pt.

<DOS_1.png, id=59, 509.65407pt x 257.46187pt>
File: DOS_1.png Graphic file (type png)
 <use DOS_1.png>
Package pdftex.def Info: DOS_1.png used on input line 131.
(pdftex.def)             Requested size: 452.9679pt x 228.83783pt.

<DDOSIM.png, id=60, 544.28343pt x 29.35968pt>
File: DDOSIM.png Graphic file (type png)
 <use DDOSIM.png>
Package pdftex.def Info: DDOSIM.png used on input line 137.
(pdftex.def)             Requested size: 452.9679pt x 24.43391pt.

Overfull \hbox (42.66771pt too wide) in paragraph at lines 95--140
\OT1/cmr/m/n/10.95 The af-fected items are: \OT1/cmtt/m/n/10.95 /extjs/resource
s/themes/images/default/shared\OT1/cmr/m/n/10.95 , \OT1/cmtt/m/n/10.95 /gui-fra
mework/images
 []


Underfull \hbox (badness 10000) in paragraph at lines 95--140

 []


Underfull \hbox (badness 10000) in paragraph at lines 95--140

 []


Underfull \hbox (badness 10000) in paragraph at lines 95--140

 []


Underfull \hbox (badness 10000) in paragraph at lines 95--140

 []


Underfull \hbox (badness 10000) in paragraph at lines 95--140

 []


Underfull \hbox (badness 10000) in paragraph at lines 95--140

 []


Underfull \hbox (badness 10000) in paragraph at lines 95--140

 []


Underfull \hbox (badness 10000) in paragraph at lines 95--140

 []


Underfull \hbox (badness 10000) in paragraph at lines 95--140

 []


Underfull \hbox (badness 10000) in paragraph at lines 95--140

 []


Underfull \hbox (badness 10000) in paragraph at lines 95--140

 []


Underfull \hbox (badness 10000) in paragraph at lines 95--140

 []


Underfull \hbox (badness 10000) in paragraph at lines 95--140

 []


Underfull \hbox (badness 10000) in paragraph at lines 95--140

 []


Underfull \hbox (badness 10000) in paragraph at lines 95--140

 []

[5

 <C:/Users/Laurent/Dropbox/School/Master/Thesis/SITREP/SITREP 19/Acunetix_3.png
>] [6 <C:/Users/Laurent/Dropbox/School/Master/Thesis/SITREP/SITREP 19/Acunetix_
4.png>] [7 <C:/Users/Laurent/Dropbox/School/Master/Thesis/SITREP/SITREP 19/Acun
etix_5.png> <C:/Users/Laurent/Dropbox/School/Master/Thesis/SITREP/SITREP 19/Jun
iper_4.png>] [8 <C:/Users/Laurent/Dropbox/School/Master/Thesis/SITREP/SITREP 19
/DOS_1.png> <C:/Users/Laurent/Dropbox/School/Master/Thesis/SITREP/SITREP 19/DDO
SIM.png>] <Nessus_0.png, id=94, 439.6425pt x 328.22626pt>
File: Nessus_0.png Graphic file (type png)
 <use Nessus_0.png>
Package pdftex.def Info: Nessus_0.png used on input line 146.
(pdftex.def)             Requested size: 439.64142pt x 328.22545pt.

<Nessus_1.png, id=95, 407.27156pt x 347.04657pt>
File: Nessus_1.png Graphic file (type png)
 <use Nessus_1.png>
Package pdftex.def Info: Nessus_1.png used on input line 153.
(pdftex.def)             Requested size: 407.27055pt x 347.04572pt.

<Nessus_2.png, id=96, 551.05875pt x 521.69907pt>
File: Nessus_2.png Graphic file (type png)
 <use Nessus_2.png>
Package pdftex.def Info: Nessus_2.png used on input line 159.
(pdftex.def)             Requested size: 452.9679pt x 428.84679pt.

<Nessus_3.png, id=97, 624.08156pt x 454.69875pt>
File: Nessus_3.png Graphic file (type png)
 <use Nessus_3.png>
Package pdftex.def Info: Nessus_3.png used on input line 165.
(pdftex.def)             Requested size: 452.9679pt x 330.0332pt.

<Nessus_5.png, id=98, 366.61969pt x 408.77719pt>
File: Nessus_5.png Graphic file (type png)
 <use Nessus_5.png>
Package pdftex.def Info: Nessus_5.png used on input line 171.
(pdftex.def)             Requested size: 452.9679pt x 505.08833pt.

<Nessus_6.png, id=99, 319.94531pt x 368.1253pt>
File: Nessus_6.png Graphic file (type png)
 <use Nessus_6.png>
Package pdftex.def Info: Nessus_6.png used on input line 177.
(pdftex.def)             Requested size: 319.94452pt x 368.1244pt.

<Nessus_7.png, id=100, 226.59656pt x 380.17032pt>
File: Nessus_7.png Graphic file (type png)
 <use Nessus_7.png>
Package pdftex.def Info: Nessus_7.png used on input line 183.
(pdftex.def)             Requested size: 226.596pt x 380.16939pt.

<Nessus_8.png, id=101, 423.83344pt x 297.36093pt>
File: Nessus_8.png Graphic file (type png)
 <use Nessus_8.png>
Package pdftex.def Info: Nessus_8.png used on input line 189.
(pdftex.def)             Requested size: 452.9679pt x 317.81459pt.

<Nessus_9.png, id=102, 421.575pt x 531.48563pt>
File: Nessus_9.png Graphic file (type png)
 <use Nessus_9.png>
Package pdftex.def Info: Nessus_9.png used on input line 195.
(pdftex.def)             Requested size: 452.9679pt x 571.0764pt.

<Nessus_10.png, id=103, 395.22656pt x 443.40656pt>
File: Nessus_10.png Graphic file (type png)
 <use Nessus_10.png>
Package pdftex.def Info: Nessus_10.png used on input line 201.
(pdftex.def)             Requested size: 452.9679pt x 508.19505pt.

<Nessus_11.png, id=104, 399.74344pt x 389.20406pt>
File: Nessus_11.png Graphic file (type png)
 <use Nessus_11.png>
Package pdftex.def Info: Nessus_11.png used on input line 207.
(pdftex.def)             Requested size: 452.9679pt x 441.04855pt.

<Nessus_12.png, id=105, 614.295pt x 256.70906pt>
File: Nessus_12.png Graphic file (type png)
 <use Nessus_12.png>
Package pdftex.def Info: Nessus_12.png used on input line 213.
(pdftex.def)             Requested size: 452.9679pt x 189.2919pt.

Underfull \hbox (badness 10000) in paragraph at lines 141--218

 []


Underfull \hbox (badness 10000) in paragraph at lines 141--218

 []


Underfull \hbox (badness 10000) in paragraph at lines 141--218

 []


Overfull \hbox (23.65645pt too wide) in paragraph at lines 141--218
\OT1/cmtt/m/n/10.95 Authentication Forms\OT1/cmr/m/n/10.95 , \OT1/cmtt/m/n/10.9
5 SSH Server CBC Mode Ciphers Enabled \OT1/cmr/m/n/10.95 and \OT1/cmtt/m/n/10.9
5 SSH Weak MAC Algorithms
 []


Overfull \hbox (47.74359pt too wide) in paragraph at lines 141--218
\OT1/cmtt/m/n/10.95 Enabled\OT1/cmr/m/n/10.95 . $[]$
 []


Underfull \hbox (badness 10000) in paragraph at lines 141--218

 []


Underfull \hbox (badness 10000) in paragraph at lines 141--218

 []


Underfull \hbox (badness 10000) in paragraph at lines 141--218

 []


Underfull \hbox (badness 10000) in paragraph at lines 141--218

 []


Underfull \hbox (badness 10000) in paragraph at lines 141--218

 []


Underfull \hbox (badness 10000) in paragraph at lines 141--218

 []


Underfull \hbox (badness 10000) in paragraph at lines 141--218

 []


Underfull \hbox (badness 10000) in paragraph at lines 141--218

 []


Underfull \hbox (badness 10000) in paragraph at lines 141--218

 []


Underfull \hbox (badness 10000) in paragraph at lines 141--218

 []


Underfull \hbox (badness 10000) in paragraph at lines 141--218

 []


Underfull \hbox (badness 10000) in paragraph at lines 141--218

 []


Underfull \hbox (badness 10000) in paragraph at lines 141--218

 []


Underfull \hbox (badness 10000) in paragraph at lines 141--218

 []


Underfull \hbox (badness 10000) in paragraph at lines 141--218

 []


Underfull \hbox (badness 10000) in paragraph at lines 141--218

 []


Underfull \hbox (badness 10000) in paragraph at lines 141--218

 []


Underfull \hbox (badness 10000) in paragraph at lines 141--218

 []


Underfull \hbox (badness 10000) in paragraph at lines 141--218

 []


Underfull \hbox (badness 10000) in paragraph at lines 141--218

 []


Underfull \hbox (badness 10000) in paragraph at lines 141--218

 []


Underfull \hbox (badness 10000) in paragraph at lines 141--218

 []

[9

 <C:/Users/Laurent/Dropbox/School/Master/Thesis/SITREP/SITREP 19/Nessus_0.png>]
 [10 <C:/Users/Laurent/Dropbox/School/Master/Thesis/SITREP/SITREP 19/Nessus_1.p
ng>] [11 <C:/Users/Laurent/Dropbox/School/Master/Thesis/SITREP/SITREP 19/Nessus
_2.png>] [12 <C:/Users/Laurent/Dropbox/School/Master/Thesis/SITREP/SITREP 19/Ne
ssus_3.png>] [13 <C:/Users/Laurent/Dropbox/School/Master/Thesis/SITREP/SITREP 1
9/Nessus_5.png>] [14 <C:/Users/Laurent/Dropbox/School/Master/Thesis/SITREP/SITR
EP 19/Nessus_6.png>] [15 <C:/Users/Laurent/Dropbox/School/Master/Thesis/SITREP/
SITREP 19/Nessus_7.png>] [16 <C:/Users/Laurent/Dropbox/School/Master/Thesis/SIT
REP/SITREP 19/Nessus_8.png>] [17 <C:/Users/Laurent/Dropbox/School/Master/Thesis
/SITREP/SITREP 19/Nessus_9.png>] [18 <C:/Users/Laurent/Dropbox/School/Master/Th
esis/SITREP/SITREP 19/Nessus_10.png>] [19 <C:/Users/Laurent/Dropbox/School/Mast
er/Thesis/SITREP/SITREP 19/Nessus_11.png>]
Missing character: There is no Ã in font cmr10!
Missing character: There is no © in font cmr10!

Underfull \hbox (badness 10000) in paragraph at lines 232--237

 []

[20 <C:/Users/Laurent/Dropbox/School/Master/Thesis/SITREP/SITREP 19/Nessus_12.p
ng>] [21]
<Juniper_Advanced_Scan_Thorough.pdf, id=177, 597.50731pt x 845.04607pt>
File: Juniper_Advanced_Scan_Thorough.pdf Graphic file (type pdf)

<use Juniper_Advanced_Scan_Thorough.pdf>
Package pdftex.def Info: Juniper_Advanced_Scan_Thorough.pdf used on input line 
258.
(pdftex.def)             Requested size: 597.50584pt x 845.044pt.
File: Juniper_Advanced_Scan_Thorough.pdf Graphic file (type pdf)

<use Juniper_Advanced_Scan_Thorough.pdf>
Package pdftex.def Info: Juniper_Advanced_Scan_Thorough.pdf used on input line 
258.
(pdftex.def)             Requested size: 597.50584pt x 845.044pt.
File: Juniper_Advanced_Scan_Thorough.pdf Graphic file (type pdf)

<use Juniper_Advanced_Scan_Thorough.pdf>
Package pdftex.def Info: Juniper_Advanced_Scan_Thorough.pdf used on input line 
258.
(pdftex.def)             Requested size: 597.50584pt x 845.044pt.
File: Juniper_Advanced_Scan_Thorough.pdf Graphic file (type pdf)

<use Juniper_Advanced_Scan_Thorough.pdf>
Package pdftex.def Info: Juniper_Advanced_Scan_Thorough.pdf used on input line 
258.
(pdftex.def)             Requested size: 597.50584pt x 845.044pt.
 [22]
<Juniper_Advanced_Scan_Thorough.pdf, id=187, page=1, 597.50731pt x 845.04607pt>
File: Juniper_Advanced_Scan_Thorough.pdf Graphic file (type pdf)
<use Juniper_Advanced_Scan_Thorough.pdf, page 1>
Package pdftex.def Info: Juniper_Advanced_Scan_Thorough.pdf, page1 used on inpu
t line 258.
(pdftex.def)             Requested size: 597.50584pt x 845.044pt.
File: Juniper_Advanced_Scan_Thorough.pdf Graphic file (type pdf)

<use Juniper_Advanced_Scan_Thorough.pdf, page 1>
Package pdftex.def Info: Juniper_Advanced_Scan_Thorough.pdf, page1 used on inpu
t line 258.
(pdftex.def)             Requested size: 597.53319pt x 845.08269pt.
File: Juniper_Advanced_Scan_Thorough.pdf Graphic file (type pdf)

<use Juniper_Advanced_Scan_Thorough.pdf, page 1>
Package pdftex.def Info: Juniper_Advanced_Scan_Thorough.pdf, page1 used on inpu
t line 258.
(pdftex.def)             Requested size: 597.53319pt x 845.08269pt.
File: Juniper_Advanced_Scan_Thorough.pdf Graphic file (type pdf)

<use Juniper_Advanced_Scan_Thorough.pdf, page 1>
Package pdftex.def Info: Juniper_Advanced_Scan_Thorough.pdf, page1 used on inpu
t line 258.
(pdftex.def)             Requested size: 597.53319pt x 845.08269pt.
File: Juniper_Advanced_Scan_Thorough.pdf Graphic file (type pdf)

<use Juniper_Advanced_Scan_Thorough.pdf, page 1>
Package pdftex.def Info: Juniper_Advanced_Scan_Thorough.pdf, page1 used on inpu
t line 258.
(pdftex.def)             Requested size: 597.53319pt x 845.08269pt.
 [23 <C:/Users/Laurent/Dropbox/School/Master/Thesis/SITREP/SITREP 19/Juniper_Ad
vanced_Scan_Thorough.pdf>]
<Juniper_Advanced_Scan_Thorough.pdf, id=199, page=2, 597.50731pt x 845.04607pt>
File: Juniper_Advanced_Scan_Thorough.pdf Graphic file (type pdf)
<use Juniper_Advanced_Scan_Thorough.pdf, page 2>
Package pdftex.def Info: Juniper_Advanced_Scan_Thorough.pdf, page2 used on inpu
t line 258.
(pdftex.def)             Requested size: 597.53319pt x 845.08269pt.
File: Juniper_Advanced_Scan_Thorough.pdf Graphic file (type pdf)

<use Juniper_Advanced_Scan_Thorough.pdf, page 2>
Package pdftex.def Info: Juniper_Advanced_Scan_Thorough.pdf, page2 used on inpu
t line 258.
(pdftex.def)             Requested size: 597.53319pt x 845.08269pt.
File: Juniper_Advanced_Scan_Thorough.pdf Graphic file (type pdf)

<use Juniper_Advanced_Scan_Thorough.pdf, page 2>
Package pdftex.def Info: Juniper_Advanced_Scan_Thorough.pdf, page2 used on inpu
t line 258.
(pdftex.def)             Requested size: 597.53319pt x 845.08269pt.
 [24 <C:/Users/Laurent/Dropbox/School/Master/Thesis/SITREP/SITREP 19/Juniper_Ad
vanced_Scan_Thorough.pdf>]
<Juniper_Advanced_Scan_Thorough.pdf, id=204, page=4, 597.50731pt x 845.04607pt>
File: Juniper_Advanced_Scan_Thorough.pdf Graphic file (type pdf)
<use Juniper_Advanced_Scan_Thorough.pdf, page 4>
Package pdftex.def Info: Juniper_Advanced_Scan_Thorough.pdf, page4 used on inpu
t line 258.
(pdftex.def)             Requested size: 597.53319pt x 845.08269pt.
File: Juniper_Advanced_Scan_Thorough.pdf Graphic file (type pdf)

<use Juniper_Advanced_Scan_Thorough.pdf, page 4>
Package pdftex.def Info: Juniper_Advanced_Scan_Thorough.pdf, page4 used on inpu
t line 258.
(pdftex.def)             Requested size: 597.53319pt x 845.08269pt.
File: Juniper_Advanced_Scan_Thorough.pdf Graphic file (type pdf)

<use Juniper_Advanced_Scan_Thorough.pdf, page 4>
Package pdftex.def Info: Juniper_Advanced_Scan_Thorough.pdf, page4 used on inpu
t line 258.
(pdftex.def)             Requested size: 597.53319pt x 845.08269pt.
 [25 <C:/Users/Laurent/Dropbox/School/Master/Thesis/SITREP/SITREP 19/Juniper_Ad
vanced_Scan_Thorough.pdf>]
<Juniper_Advanced_Scan_Thorough.pdf, id=210, page=5, 597.50731pt x 845.04607pt>
File: Juniper_Advanced_Scan_Thorough.pdf Graphic file (type pdf)
<use Juniper_Advanced_Scan_Thorough.pdf, page 5>
Package pdftex.def Info: Juniper_Advanced_Scan_Thorough.pdf, page5 used on inpu
t line 258.
(pdftex.def)             Requested size: 597.53319pt x 845.08269pt.
File: Juniper_Advanced_Scan_Thorough.pdf Graphic file (type pdf)

<use Juniper_Advanced_Scan_Thorough.pdf, page 5>
Package pdftex.def Info: Juniper_Advanced_Scan_Thorough.pdf, page5 used on inpu
t line 258.
(pdftex.def)             Requested size: 597.53319pt x 845.08269pt.
File: Juniper_Advanced_Scan_Thorough.pdf Graphic file (type pdf)

<use Juniper_Advanced_Scan_Thorough.pdf, page 5>
Package pdftex.def Info: Juniper_Advanced_Scan_Thorough.pdf, page5 used on inpu
t line 258.
(pdftex.def)             Requested size: 597.53319pt x 845.08269pt.
 [26 <C:/Users/Laurent/Dropbox/School/Master/Thesis/SITREP/SITREP 19/Juniper_Ad
vanced_Scan_Thorough.pdf>]
<Juniper_Advanced_Scan_Thorough.pdf, id=215, page=6, 597.50731pt x 845.04607pt>
File: Juniper_Advanced_Scan_Thorough.pdf Graphic file (type pdf)
<use Juniper_Advanced_Scan_Thorough.pdf, page 6>
Package pdftex.def Info: Juniper_Advanced_Scan_Thorough.pdf, page6 used on inpu
t line 258.
(pdftex.def)             Requested size: 597.53319pt x 845.08269pt.
File: Juniper_Advanced_Scan_Thorough.pdf Graphic file (type pdf)

<use Juniper_Advanced_Scan_Thorough.pdf, page 6>
Package pdftex.def Info: Juniper_Advanced_Scan_Thorough.pdf, page6 used on inpu
t line 258.
(pdftex.def)             Requested size: 597.53319pt x 845.08269pt.
File: Juniper_Advanced_Scan_Thorough.pdf Graphic file (type pdf)

<use Juniper_Advanced_Scan_Thorough.pdf, page 6>
Package pdftex.def Info: Juniper_Advanced_Scan_Thorough.pdf, page6 used on inpu
t line 258.
(pdftex.def)             Requested size: 597.53319pt x 845.08269pt.
 [27 <C:/Users/Laurent/Dropbox/School/Master/Thesis/SITREP/SITREP 19/Juniper_Ad
vanced_Scan_Thorough.pdf>]
<Juniper_Advanced_Scan_Thorough.pdf, id=220, page=7, 597.50731pt x 845.04607pt>
File: Juniper_Advanced_Scan_Thorough.pdf Graphic file (type pdf)
<use Juniper_Advanced_Scan_Thorough.pdf, page 7>
Package pdftex.def Info: Juniper_Advanced_Scan_Thorough.pdf, page7 used on inpu
t line 258.
(pdftex.def)             Requested size: 597.53319pt x 845.08269pt.
File: Juniper_Advanced_Scan_Thorough.pdf Graphic file (type pdf)

<use Juniper_Advanced_Scan_Thorough.pdf, page 7>
Package pdftex.def Info: Juniper_Advanced_Scan_Thorough.pdf, page7 used on inpu
t line 258.
(pdftex.def)             Requested size: 597.53319pt x 845.08269pt.
File: Juniper_Advanced_Scan_Thorough.pdf Graphic file (type pdf)

<use Juniper_Advanced_Scan_Thorough.pdf, page 7>
Package pdftex.def Info: Juniper_Advanced_Scan_Thorough.pdf, page7 used on inpu
t line 258.
(pdftex.def)             Requested size: 597.53319pt x 845.08269pt.
 [28 <C:/Users/Laurent/Dropbox/School/Master/Thesis/SITREP/SITREP 19/Juniper_Ad
vanced_Scan_Thorough.pdf>]
<Juniper_Advanced_Scan_Thorough.pdf, id=225, page=8, 597.50731pt x 845.04607pt>
File: Juniper_Advanced_Scan_Thorough.pdf Graphic file (type pdf)
<use Juniper_Advanced_Scan_Thorough.pdf, page 8>
Package pdftex.def Info: Juniper_Advanced_Scan_Thorough.pdf, page8 used on inpu
t line 258.
(pdftex.def)             Requested size: 597.53319pt x 845.08269pt.
File: Juniper_Advanced_Scan_Thorough.pdf Graphic file (type pdf)

<use Juniper_Advanced_Scan_Thorough.pdf, page 8>
Package pdftex.def Info: Juniper_Advanced_Scan_Thorough.pdf, page8 used on inpu
t line 258.
(pdftex.def)             Requested size: 597.53319pt x 845.08269pt.
File: Juniper_Advanced_Scan_Thorough.pdf Graphic file (type pdf)

<use Juniper_Advanced_Scan_Thorough.pdf, page 8>
Package pdftex.def Info: Juniper_Advanced_Scan_Thorough.pdf, page8 used on inpu
t line 258.
(pdftex.def)             Requested size: 597.53319pt x 845.08269pt.
 [29 <C:/Users/Laurent/Dropbox/School/Master/Thesis/SITREP/SITREP 19/Juniper_Ad
vanced_Scan_Thorough.pdf>]
<Juniper_Advanced_Scan_Thorough.pdf, id=230, page=9, 597.50731pt x 845.04607pt>
File: Juniper_Advanced_Scan_Thorough.pdf Graphic file (type pdf)
<use Juniper_Advanced_Scan_Thorough.pdf, page 9>
Package pdftex.def Info: Juniper_Advanced_Scan_Thorough.pdf, page9 used on inpu
t line 258.
(pdftex.def)             Requested size: 597.53319pt x 845.08269pt.
File: Juniper_Advanced_Scan_Thorough.pdf Graphic file (type pdf)

<use Juniper_Advanced_Scan_Thorough.pdf, page 9>
Package pdftex.def Info: Juniper_Advanced_Scan_Thorough.pdf, page9 used on inpu
t line 258.
(pdftex.def)             Requested size: 597.53319pt x 845.08269pt.
File: Juniper_Advanced_Scan_Thorough.pdf Graphic file (type pdf)

<use Juniper_Advanced_Scan_Thorough.pdf, page 9>
Package pdftex.def Info: Juniper_Advanced_Scan_Thorough.pdf, page9 used on inpu
t line 258.
(pdftex.def)             Requested size: 597.53319pt x 845.08269pt.
 [30 <C:/Users/Laurent/Dropbox/School/Master/Thesis/SITREP/SITREP 19/Juniper_Ad
vanced_Scan_Thorough.pdf>]
<Juniper_Advanced_Scan_Thorough.pdf, id=235, page=10, 597.50731pt x 845.04607pt
>
File: Juniper_Advanced_Scan_Thorough.pdf Graphic file (type pdf)
 <use Juniper_Advanced_Scan_Thorough.pdf, page 10>
Package pdftex.def Info: Juniper_Advanced_Scan_Thorough.pdf, page10 used on inp
ut line 258.
(pdftex.def)             Requested size: 597.53319pt x 845.08269pt.
File: Juniper_Advanced_Scan_Thorough.pdf Graphic file (type pdf)

<use Juniper_Advanced_Scan_Thorough.pdf, page 10>
Package pdftex.def Info: Juniper_Advanced_Scan_Thorough.pdf, page10 used on inp
ut line 258.
(pdftex.def)             Requested size: 597.53319pt x 845.08269pt.
File: Juniper_Advanced_Scan_Thorough.pdf Graphic file (type pdf)

<use Juniper_Advanced_Scan_Thorough.pdf, page 10>
Package pdftex.def Info: Juniper_Advanced_Scan_Thorough.pdf, page10 used on inp
ut line 258.
(pdftex.def)             Requested size: 597.53319pt x 845.08269pt.
 [31 <C:/Users/Laurent/Dropbox/School/Master/Thesis/SITREP/SITREP 19/Juniper_Ad
vanced_Scan_Thorough.pdf>]
<Juniper_Advanced_Scan_Thorough.pdf, id=241, page=11, 597.50731pt x 845.04607pt
>
File: Juniper_Advanced_Scan_Thorough.pdf Graphic file (type pdf)
 <use Juniper_Advanced_Scan_Thorough.pdf, page 11>
Package pdftex.def Info: Juniper_Advanced_Scan_Thorough.pdf, page11 used on inp
ut line 258.
(pdftex.def)             Requested size: 597.53319pt x 845.08269pt.
File: Juniper_Advanced_Scan_Thorough.pdf Graphic file (type pdf)

<use Juniper_Advanced_Scan_Thorough.pdf, page 11>
Package pdftex.def Info: Juniper_Advanced_Scan_Thorough.pdf, page11 used on inp
ut line 258.
(pdftex.def)             Requested size: 597.53319pt x 845.08269pt.
File: Juniper_Advanced_Scan_Thorough.pdf Graphic file (type pdf)

<use Juniper_Advanced_Scan_Thorough.pdf, page 11>
Package pdftex.def Info: Juniper_Advanced_Scan_Thorough.pdf, page11 used on inp
ut line 258.
(pdftex.def)             Requested size: 597.53319pt x 845.08269pt.
 [32 <C:/Users/Laurent/Dropbox/School/Master/Thesis/SITREP/SITREP 19/Juniper_Ad
vanced_Scan_Thorough.pdf>]
<Juniper_Advanced_Scan_Thorough.pdf, id=246, page=12, 597.50731pt x 845.04607pt
>
File: Juniper_Advanced_Scan_Thorough.pdf Graphic file (type pdf)
 <use Juniper_Advanced_Scan_Thorough.pdf, page 12>
Package pdftex.def Info: Juniper_Advanced_Scan_Thorough.pdf, page12 used on inp
ut line 258.
(pdftex.def)             Requested size: 597.53319pt x 845.08269pt.
File: Juniper_Advanced_Scan_Thorough.pdf Graphic file (type pdf)

<use Juniper_Advanced_Scan_Thorough.pdf, page 12>
Package pdftex.def Info: Juniper_Advanced_Scan_Thorough.pdf, page12 used on inp
ut line 258.
(pdftex.def)             Requested size: 597.53319pt x 845.08269pt.
File: Juniper_Advanced_Scan_Thorough.pdf Graphic file (type pdf)

<use Juniper_Advanced_Scan_Thorough.pdf, page 12>
Package pdftex.def Info: Juniper_Advanced_Scan_Thorough.pdf, page12 used on inp
ut line 258.
(pdftex.def)             Requested size: 597.53319pt x 845.08269pt.
 [33 <C:/Users/Laurent/Dropbox/School/Master/Thesis/SITREP/SITREP 19/Juniper_Ad
vanced_Scan_Thorough.pdf>]
<Juniper_Advanced_Scan_Thorough.pdf, id=251, page=13, 597.50731pt x 845.04607pt
>
File: Juniper_Advanced_Scan_Thorough.pdf Graphic file (type pdf)
 <use Juniper_Advanced_Scan_Thorough.pdf, page 13>
Package pdftex.def Info: Juniper_Advanced_Scan_Thorough.pdf, page13 used on inp
ut line 258.
(pdftex.def)             Requested size: 597.53319pt x 845.08269pt.
File: Juniper_Advanced_Scan_Thorough.pdf Graphic file (type pdf)

<use Juniper_Advanced_Scan_Thorough.pdf, page 13>
Package pdftex.def Info: Juniper_Advanced_Scan_Thorough.pdf, page13 used on inp
ut line 258.
(pdftex.def)             Requested size: 597.53319pt x 845.08269pt.
File: Juniper_Advanced_Scan_Thorough.pdf Graphic file (type pdf)

<use Juniper_Advanced_Scan_Thorough.pdf, page 13>
Package pdftex.def Info: Juniper_Advanced_Scan_Thorough.pdf, page13 used on inp
ut line 258.
(pdftex.def)             Requested size: 597.53319pt x 845.08269pt.
 [34 <C:/Users/Laurent/Dropbox/School/Master/Thesis/SITREP/SITREP 19/Juniper_Ad
vanced_Scan_Thorough.pdf>]
<Juniper_Advanced_Scan_Thorough.pdf, id=256, page=14, 597.50731pt x 845.04607pt
>
File: Juniper_Advanced_Scan_Thorough.pdf Graphic file (type pdf)
 <use Juniper_Advanced_Scan_Thorough.pdf, page 14>
Package pdftex.def Info: Juniper_Advanced_Scan_Thorough.pdf, page14 used on inp
ut line 258.
(pdftex.def)             Requested size: 597.53319pt x 845.08269pt.
File: Juniper_Advanced_Scan_Thorough.pdf Graphic file (type pdf)

<use Juniper_Advanced_Scan_Thorough.pdf, page 14>
Package pdftex.def Info: Juniper_Advanced_Scan_Thorough.pdf, page14 used on inp
ut line 258.
(pdftex.def)             Requested size: 597.53319pt x 845.08269pt.
File: Juniper_Advanced_Scan_Thorough.pdf Graphic file (type pdf)

<use Juniper_Advanced_Scan_Thorough.pdf, page 14>
Package pdftex.def Info: Juniper_Advanced_Scan_Thorough.pdf, page14 used on inp
ut line 258.
(pdftex.def)             Requested size: 597.53319pt x 845.08269pt.
 [35 <C:/Users/Laurent/Dropbox/School/Master/Thesis/SITREP/SITREP 19/Juniper_Ad
vanced_Scan_Thorough.pdf>]
<Juniper_Advanced_Scan_Thorough.pdf, id=261, page=15, 597.50731pt x 845.04607pt
>
File: Juniper_Advanced_Scan_Thorough.pdf Graphic file (type pdf)
 <use Juniper_Advanced_Scan_Thorough.pdf, page 15>
Package pdftex.def Info: Juniper_Advanced_Scan_Thorough.pdf, page15 used on inp
ut line 258.
(pdftex.def)             Requested size: 597.53319pt x 845.08269pt.
File: Juniper_Advanced_Scan_Thorough.pdf Graphic file (type pdf)

<use Juniper_Advanced_Scan_Thorough.pdf, page 15>
Package pdftex.def Info: Juniper_Advanced_Scan_Thorough.pdf, page15 used on inp
ut line 258.
(pdftex.def)             Requested size: 597.53319pt x 845.08269pt.
File: Juniper_Advanced_Scan_Thorough.pdf Graphic file (type pdf)

<use Juniper_Advanced_Scan_Thorough.pdf, page 15>
Package pdftex.def Info: Juniper_Advanced_Scan_Thorough.pdf, page15 used on inp
ut line 258.
(pdftex.def)             Requested size: 597.53319pt x 845.08269pt.
 [36 <C:/Users/Laurent/Dropbox/School/Master/Thesis/SITREP/SITREP 19/Juniper_Ad
vanced_Scan_Thorough.pdf>]
<Juniper_Advanced_Scan_Thorough.pdf, id=266, page=16, 597.50731pt x 845.04607pt
>
File: Juniper_Advanced_Scan_Thorough.pdf Graphic file (type pdf)
 <use Juniper_Advanced_Scan_Thorough.pdf, page 16>
Package pdftex.def Info: Juniper_Advanced_Scan_Thorough.pdf, page16 used on inp
ut line 258.
(pdftex.def)             Requested size: 597.53319pt x 845.08269pt.
File: Juniper_Advanced_Scan_Thorough.pdf Graphic file (type pdf)

<use Juniper_Advanced_Scan_Thorough.pdf, page 16>
Package pdftex.def Info: Juniper_Advanced_Scan_Thorough.pdf, page16 used on inp
ut line 258.
(pdftex.def)             Requested size: 597.53319pt x 845.08269pt.
File: Juniper_Advanced_Scan_Thorough.pdf Graphic file (type pdf)

<use Juniper_Advanced_Scan_Thorough.pdf, page 16>
Package pdftex.def Info: Juniper_Advanced_Scan_Thorough.pdf, page16 used on inp
ut line 258.
(pdftex.def)             Requested size: 597.53319pt x 845.08269pt.
 [37 <C:/Users/Laurent/Dropbox/School/Master/Thesis/SITREP/SITREP 19/Juniper_Ad
vanced_Scan_Thorough.pdf>]
<Juniper_Advanced_Scan_Thorough.pdf, id=272, page=17, 597.50731pt x 845.04607pt
>
File: Juniper_Advanced_Scan_Thorough.pdf Graphic file (type pdf)
 <use Juniper_Advanced_Scan_Thorough.pdf, page 17>
Package pdftex.def Info: Juniper_Advanced_Scan_Thorough.pdf, page17 used on inp
ut line 258.
(pdftex.def)             Requested size: 597.53319pt x 845.08269pt.
File: Juniper_Advanced_Scan_Thorough.pdf Graphic file (type pdf)

<use Juniper_Advanced_Scan_Thorough.pdf, page 17>
Package pdftex.def Info: Juniper_Advanced_Scan_Thorough.pdf, page17 used on inp
ut line 258.
(pdftex.def)             Requested size: 597.53319pt x 845.08269pt.
File: Juniper_Advanced_Scan_Thorough.pdf Graphic file (type pdf)

<use Juniper_Advanced_Scan_Thorough.pdf, page 17>
Package pdftex.def Info: Juniper_Advanced_Scan_Thorough.pdf, page17 used on inp
ut line 258.
(pdftex.def)             Requested size: 597.53319pt x 845.08269pt.
 [38 <C:/Users/Laurent/Dropbox/School/Master/Thesis/SITREP/SITREP 19/Juniper_Ad
vanced_Scan_Thorough.pdf>]
<Juniper_Advanced_Scan_Thorough.pdf, id=277, page=18, 597.50731pt x 845.04607pt
>
File: Juniper_Advanced_Scan_Thorough.pdf Graphic file (type pdf)
 <use Juniper_Advanced_Scan_Thorough.pdf, page 18>
Package pdftex.def Info: Juniper_Advanced_Scan_Thorough.pdf, page18 used on inp
ut line 258.
(pdftex.def)             Requested size: 597.53319pt x 845.08269pt.
File: Juniper_Advanced_Scan_Thorough.pdf Graphic file (type pdf)

<use Juniper_Advanced_Scan_Thorough.pdf, page 18>
Package pdftex.def Info: Juniper_Advanced_Scan_Thorough.pdf, page18 used on inp
ut line 258.
(pdftex.def)             Requested size: 597.53319pt x 845.08269pt.
File: Juniper_Advanced_Scan_Thorough.pdf Graphic file (type pdf)

<use Juniper_Advanced_Scan_Thorough.pdf, page 18>
Package pdftex.def Info: Juniper_Advanced_Scan_Thorough.pdf, page18 used on inp
ut line 258.
(pdftex.def)             Requested size: 597.53319pt x 845.08269pt.
 [39 <C:/Users/Laurent/Dropbox/School/Master/Thesis/SITREP/SITREP 19/Juniper_Ad
vanced_Scan_Thorough.pdf>]
<Juniper_Advanced_Scan_Thorough.pdf, id=282, page=19, 597.50731pt x 845.04607pt
>
File: Juniper_Advanced_Scan_Thorough.pdf Graphic file (type pdf)
 <use Juniper_Advanced_Scan_Thorough.pdf, page 19>
Package pdftex.def Info: Juniper_Advanced_Scan_Thorough.pdf, page19 used on inp
ut line 258.
(pdftex.def)             Requested size: 597.53319pt x 845.08269pt.
File: Juniper_Advanced_Scan_Thorough.pdf Graphic file (type pdf)

<use Juniper_Advanced_Scan_Thorough.pdf, page 19>
Package pdftex.def Info: Juniper_Advanced_Scan_Thorough.pdf, page19 used on inp
ut line 258.
(pdftex.def)             Requested size: 597.53319pt x 845.08269pt.
File: Juniper_Advanced_Scan_Thorough.pdf Graphic file (type pdf)

<use Juniper_Advanced_Scan_Thorough.pdf, page 19>
Package pdftex.def Info: Juniper_Advanced_Scan_Thorough.pdf, page19 used on inp
ut line 258.
(pdftex.def)             Requested size: 597.53319pt x 845.08269pt.
 [40 <C:/Users/Laurent/Dropbox/School/Master/Thesis/SITREP/SITREP 19/Juniper_Ad
vanced_Scan_Thorough.pdf>]
<Juniper_Advanced_Scan_Thorough.pdf, id=287, page=20, 597.50731pt x 845.04607pt
>
File: Juniper_Advanced_Scan_Thorough.pdf Graphic file (type pdf)
 <use Juniper_Advanced_Scan_Thorough.pdf, page 20>
Package pdftex.def Info: Juniper_Advanced_Scan_Thorough.pdf, page20 used on inp
ut line 258.
(pdftex.def)             Requested size: 597.53319pt x 845.08269pt.
File: Juniper_Advanced_Scan_Thorough.pdf Graphic file (type pdf)

<use Juniper_Advanced_Scan_Thorough.pdf, page 20>
Package pdftex.def Info: Juniper_Advanced_Scan_Thorough.pdf, page20 used on inp
ut line 258.
(pdftex.def)             Requested size: 597.53319pt x 845.08269pt.
File: Juniper_Advanced_Scan_Thorough.pdf Graphic file (type pdf)

<use Juniper_Advanced_Scan_Thorough.pdf, page 20>
Package pdftex.def Info: Juniper_Advanced_Scan_Thorough.pdf, page20 used on inp
ut line 258.
(pdftex.def)             Requested size: 597.53319pt x 845.08269pt.
 [41 <C:/Users/Laurent/Dropbox/School/Master/Thesis/SITREP/SITREP 19/Juniper_Ad
vanced_Scan_Thorough.pdf>]
<Juniper_Advanced_Scan_Thorough.pdf, id=292, page=21, 597.50731pt x 845.04607pt
>
File: Juniper_Advanced_Scan_Thorough.pdf Graphic file (type pdf)
 <use Juniper_Advanced_Scan_Thorough.pdf, page 21>
Package pdftex.def Info: Juniper_Advanced_Scan_Thorough.pdf, page21 used on inp
ut line 258.
(pdftex.def)             Requested size: 597.53319pt x 845.08269pt.
File: Juniper_Advanced_Scan_Thorough.pdf Graphic file (type pdf)

<use Juniper_Advanced_Scan_Thorough.pdf, page 21>
Package pdftex.def Info: Juniper_Advanced_Scan_Thorough.pdf, page21 used on inp
ut line 258.
(pdftex.def)             Requested size: 597.53319pt x 845.08269pt.
File: Juniper_Advanced_Scan_Thorough.pdf Graphic file (type pdf)

<use Juniper_Advanced_Scan_Thorough.pdf, page 21>
Package pdftex.def Info: Juniper_Advanced_Scan_Thorough.pdf, page21 used on inp
ut line 258.
(pdftex.def)             Requested size: 597.53319pt x 845.08269pt.
 [42 <C:/Users/Laurent/Dropbox/School/Master/Thesis/SITREP/SITREP 19/Juniper_Ad
vanced_Scan_Thorough.pdf>]
<Juniper_Advanced_Scan_Thorough.pdf, id=297, page=22, 597.50731pt x 845.04607pt
>
File: Juniper_Advanced_Scan_Thorough.pdf Graphic file (type pdf)
 <use Juniper_Advanced_Scan_Thorough.pdf, page 22>
Package pdftex.def Info: Juniper_Advanced_Scan_Thorough.pdf, page22 used on inp
ut line 258.
(pdftex.def)             Requested size: 597.53319pt x 845.08269pt.
File: Juniper_Advanced_Scan_Thorough.pdf Graphic file (type pdf)

<use Juniper_Advanced_Scan_Thorough.pdf, page 22>
Package pdftex.def Info: Juniper_Advanced_Scan_Thorough.pdf, page22 used on inp
ut line 258.
(pdftex.def)             Requested size: 597.53319pt x 845.08269pt.
File: Juniper_Advanced_Scan_Thorough.pdf Graphic file (type pdf)

<use Juniper_Advanced_Scan_Thorough.pdf, page 22>
Package pdftex.def Info: Juniper_Advanced_Scan_Thorough.pdf, page22 used on inp
ut line 258.
(pdftex.def)             Requested size: 597.53319pt x 845.08269pt.
 [43 <C:/Users/Laurent/Dropbox/School/Master/Thesis/SITREP/SITREP 19/Juniper_Ad
vanced_Scan_Thorough.pdf>]
<Juniper_Advanced_Scan_Thorough.pdf, id=303, page=23, 597.50731pt x 845.04607pt
>
File: Juniper_Advanced_Scan_Thorough.pdf Graphic file (type pdf)
 <use Juniper_Advanced_Scan_Thorough.pdf, page 23>
Package pdftex.def Info: Juniper_Advanced_Scan_Thorough.pdf, page23 used on inp
ut line 258.
(pdftex.def)             Requested size: 597.53319pt x 845.08269pt.
File: Juniper_Advanced_Scan_Thorough.pdf Graphic file (type pdf)

<use Juniper_Advanced_Scan_Thorough.pdf, page 23>
Package pdftex.def Info: Juniper_Advanced_Scan_Thorough.pdf, page23 used on inp
ut line 258.
(pdftex.def)             Requested size: 597.53319pt x 845.08269pt.
File: Juniper_Advanced_Scan_Thorough.pdf Graphic file (type pdf)

<use Juniper_Advanced_Scan_Thorough.pdf, page 23>
Package pdftex.def Info: Juniper_Advanced_Scan_Thorough.pdf, page23 used on inp
ut line 258.
(pdftex.def)             Requested size: 597.53319pt x 845.08269pt.
 [44 <C:/Users/Laurent/Dropbox/School/Master/Thesis/SITREP/SITREP 19/Juniper_Ad
vanced_Scan_Thorough.pdf>]
<Juniper_Advanced_Scan_Thorough.pdf, id=308, page=24, 597.50731pt x 845.04607pt
>
File: Juniper_Advanced_Scan_Thorough.pdf Graphic file (type pdf)
 <use Juniper_Advanced_Scan_Thorough.pdf, page 24>
Package pdftex.def Info: Juniper_Advanced_Scan_Thorough.pdf, page24 used on inp
ut line 258.
(pdftex.def)             Requested size: 597.53319pt x 845.08269pt.
File: Juniper_Advanced_Scan_Thorough.pdf Graphic file (type pdf)

<use Juniper_Advanced_Scan_Thorough.pdf, page 24>
Package pdftex.def Info: Juniper_Advanced_Scan_Thorough.pdf, page24 used on inp
ut line 258.
(pdftex.def)             Requested size: 597.53319pt x 845.08269pt.
File: Juniper_Advanced_Scan_Thorough.pdf Graphic file (type pdf)

<use Juniper_Advanced_Scan_Thorough.pdf, page 24>
Package pdftex.def Info: Juniper_Advanced_Scan_Thorough.pdf, page24 used on inp
ut line 258.
(pdftex.def)             Requested size: 597.53319pt x 845.08269pt.
 [45 <C:/Users/Laurent/Dropbox/School/Master/Thesis/SITREP/SITREP 19/Juniper_Ad
vanced_Scan_Thorough.pdf>]
<Juniper_Advanced_Scan_Thorough.pdf, id=313, page=25, 597.50731pt x 845.04607pt
>
File: Juniper_Advanced_Scan_Thorough.pdf Graphic file (type pdf)
 <use Juniper_Advanced_Scan_Thorough.pdf, page 25>
Package pdftex.def Info: Juniper_Advanced_Scan_Thorough.pdf, page25 used on inp
ut line 258.
(pdftex.def)             Requested size: 597.53319pt x 845.08269pt.
File: Juniper_Advanced_Scan_Thorough.pdf Graphic file (type pdf)

<use Juniper_Advanced_Scan_Thorough.pdf, page 25>
Package pdftex.def Info: Juniper_Advanced_Scan_Thorough.pdf, page25 used on inp
ut line 258.
(pdftex.def)             Requested size: 597.53319pt x 845.08269pt.
File: Juniper_Advanced_Scan_Thorough.pdf Graphic file (type pdf)

<use Juniper_Advanced_Scan_Thorough.pdf, page 25>
Package pdftex.def Info: Juniper_Advanced_Scan_Thorough.pdf, page25 used on inp
ut line 258.
(pdftex.def)             Requested size: 597.53319pt x 845.08269pt.
 [46 <C:/Users/Laurent/Dropbox/School/Master/Thesis/SITREP/SITREP 19/Juniper_Ad
vanced_Scan_Thorough.pdf>]
<Juniper_Advanced_Scan_Thorough.pdf, id=318, page=26, 597.50731pt x 845.04607pt
>
File: Juniper_Advanced_Scan_Thorough.pdf Graphic file (type pdf)
 <use Juniper_Advanced_Scan_Thorough.pdf, page 26>
Package pdftex.def Info: Juniper_Advanced_Scan_Thorough.pdf, page26 used on inp
ut line 258.
(pdftex.def)             Requested size: 597.53319pt x 845.08269pt.
File: Juniper_Advanced_Scan_Thorough.pdf Graphic file (type pdf)

<use Juniper_Advanced_Scan_Thorough.pdf, page 26>
Package pdftex.def Info: Juniper_Advanced_Scan_Thorough.pdf, page26 used on inp
ut line 258.
(pdftex.def)             Requested size: 597.53319pt x 845.08269pt.
File: Juniper_Advanced_Scan_Thorough.pdf Graphic file (type pdf)

<use Juniper_Advanced_Scan_Thorough.pdf, page 26>
Package pdftex.def Info: Juniper_Advanced_Scan_Thorough.pdf, page26 used on inp
ut line 258.
(pdftex.def)             Requested size: 597.53319pt x 845.08269pt.
 [47 <C:/Users/Laurent/Dropbox/School/Master/Thesis/SITREP/SITREP 19/Juniper_Ad
vanced_Scan_Thorough.pdf>]
<Juniper_Advanced_Scan_Thorough.pdf, id=323, page=27, 597.50731pt x 845.04607pt
>
File: Juniper_Advanced_Scan_Thorough.pdf Graphic file (type pdf)
 <use Juniper_Advanced_Scan_Thorough.pdf, page 27>
Package pdftex.def Info: Juniper_Advanced_Scan_Thorough.pdf, page27 used on inp
ut line 258.
(pdftex.def)             Requested size: 597.53319pt x 845.08269pt.
File: Juniper_Advanced_Scan_Thorough.pdf Graphic file (type pdf)

<use Juniper_Advanced_Scan_Thorough.pdf, page 27>
Package pdftex.def Info: Juniper_Advanced_Scan_Thorough.pdf, page27 used on inp
ut line 258.
(pdftex.def)             Requested size: 597.53319pt x 845.08269pt.
File: Juniper_Advanced_Scan_Thorough.pdf Graphic file (type pdf)

<use Juniper_Advanced_Scan_Thorough.pdf, page 27>
Package pdftex.def Info: Juniper_Advanced_Scan_Thorough.pdf, page27 used on inp
ut line 258.
(pdftex.def)             Requested size: 597.53319pt x 845.08269pt.
 [48 <C:/Users/Laurent/Dropbox/School/Master/Thesis/SITREP/SITREP 19/Juniper_Ad
vanced_Scan_Thorough.pdf>]
<Juniper_Advanced_Scan_Thorough.pdf, id=328, page=28, 597.50731pt x 845.04607pt
>
File: Juniper_Advanced_Scan_Thorough.pdf Graphic file (type pdf)
 <use Juniper_Advanced_Scan_Thorough.pdf, page 28>
Package pdftex.def Info: Juniper_Advanced_Scan_Thorough.pdf, page28 used on inp
ut line 258.
(pdftex.def)             Requested size: 597.53319pt x 845.08269pt.
File: Juniper_Advanced_Scan_Thorough.pdf Graphic file (type pdf)

<use Juniper_Advanced_Scan_Thorough.pdf, page 28>
Package pdftex.def Info: Juniper_Advanced_Scan_Thorough.pdf, page28 used on inp
ut line 258.
(pdftex.def)             Requested size: 597.53319pt x 845.08269pt.
File: Juniper_Advanced_Scan_Thorough.pdf Graphic file (type pdf)

<use Juniper_Advanced_Scan_Thorough.pdf, page 28>
Package pdftex.def Info: Juniper_Advanced_Scan_Thorough.pdf, page28 used on inp
ut line 258.
(pdftex.def)             Requested size: 597.53319pt x 845.08269pt.
 [49 <C:/Users/Laurent/Dropbox/School/Master/Thesis/SITREP/SITREP 19/Juniper_Ad
vanced_Scan_Thorough.pdf>]
<Juniper_Advanced_Scan_Thorough.pdf, id=334, page=29, 597.50731pt x 845.04607pt
>
File: Juniper_Advanced_Scan_Thorough.pdf Graphic file (type pdf)
 <use Juniper_Advanced_Scan_Thorough.pdf, page 29>
Package pdftex.def Info: Juniper_Advanced_Scan_Thorough.pdf, page29 used on inp
ut line 258.
(pdftex.def)             Requested size: 597.53319pt x 845.08269pt.
File: Juniper_Advanced_Scan_Thorough.pdf Graphic file (type pdf)

<use Juniper_Advanced_Scan_Thorough.pdf, page 29>
Package pdftex.def Info: Juniper_Advanced_Scan_Thorough.pdf, page29 used on inp
ut line 258.
(pdftex.def)             Requested size: 597.53319pt x 845.08269pt.
File: Juniper_Advanced_Scan_Thorough.pdf Graphic file (type pdf)

<use Juniper_Advanced_Scan_Thorough.pdf, page 29>
Package pdftex.def Info: Juniper_Advanced_Scan_Thorough.pdf, page29 used on inp
ut line 258.
(pdftex.def)             Requested size: 597.53319pt x 845.08269pt.
 [50 <C:/Users/Laurent/Dropbox/School/Master/Thesis/SITREP/SITREP 19/Juniper_Ad
vanced_Scan_Thorough.pdf>]
<Juniper_Advanced_Scan_Thorough.pdf, id=339, page=30, 597.50731pt x 845.04607pt
>
File: Juniper_Advanced_Scan_Thorough.pdf Graphic file (type pdf)
 <use Juniper_Advanced_Scan_Thorough.pdf, page 30>
Package pdftex.def Info: Juniper_Advanced_Scan_Thorough.pdf, page30 used on inp
ut line 258.
(pdftex.def)             Requested size: 597.53319pt x 845.08269pt.
File: Juniper_Advanced_Scan_Thorough.pdf Graphic file (type pdf)

<use Juniper_Advanced_Scan_Thorough.pdf, page 30>
Package pdftex.def Info: Juniper_Advanced_Scan_Thorough.pdf, page30 used on inp
ut line 258.
(pdftex.def)             Requested size: 597.53319pt x 845.08269pt.
File: Juniper_Advanced_Scan_Thorough.pdf Graphic file (type pdf)

<use Juniper_Advanced_Scan_Thorough.pdf, page 30>
Package pdftex.def Info: Juniper_Advanced_Scan_Thorough.pdf, page30 used on inp
ut line 258.
(pdftex.def)             Requested size: 597.53319pt x 845.08269pt.
 [51 <C:/Users/Laurent/Dropbox/School/Master/Thesis/SITREP/SITREP 19/Juniper_Ad
vanced_Scan_Thorough.pdf>]
<Juniper_Advanced_Scan_Thorough.pdf, id=344, page=31, 597.50731pt x 845.04607pt
>
File: Juniper_Advanced_Scan_Thorough.pdf Graphic file (type pdf)
 <use Juniper_Advanced_Scan_Thorough.pdf, page 31>
Package pdftex.def Info: Juniper_Advanced_Scan_Thorough.pdf, page31 used on inp
ut line 258.
(pdftex.def)             Requested size: 597.53319pt x 845.08269pt.
File: Juniper_Advanced_Scan_Thorough.pdf Graphic file (type pdf)

<use Juniper_Advanced_Scan_Thorough.pdf, page 31>
Package pdftex.def Info: Juniper_Advanced_Scan_Thorough.pdf, page31 used on inp
ut line 258.
(pdftex.def)             Requested size: 597.53319pt x 845.08269pt.
File: Juniper_Advanced_Scan_Thorough.pdf Graphic file (type pdf)

<use Juniper_Advanced_Scan_Thorough.pdf, page 31>
Package pdftex.def Info: Juniper_Advanced_Scan_Thorough.pdf, page31 used on inp
ut line 258.
(pdftex.def)             Requested size: 597.53319pt x 845.08269pt.
 [52 <C:/Users/Laurent/Dropbox/School/Master/Thesis/SITREP/SITREP 19/Juniper_Ad
vanced_Scan_Thorough.pdf>]
<Juniper_Advanced_Scan_Thorough.pdf, id=349, page=32, 597.50731pt x 845.04607pt
>
File: Juniper_Advanced_Scan_Thorough.pdf Graphic file (type pdf)
 <use Juniper_Advanced_Scan_Thorough.pdf, page 32>
Package pdftex.def Info: Juniper_Advanced_Scan_Thorough.pdf, page32 used on inp
ut line 258.
(pdftex.def)             Requested size: 597.53319pt x 845.08269pt.
File: Juniper_Advanced_Scan_Thorough.pdf Graphic file (type pdf)

<use Juniper_Advanced_Scan_Thorough.pdf, page 32>
Package pdftex.def Info: Juniper_Advanced_Scan_Thorough.pdf, page32 used on inp
ut line 258.
(pdftex.def)             Requested size: 597.53319pt x 845.08269pt.
File: Juniper_Advanced_Scan_Thorough.pdf Graphic file (type pdf)

<use Juniper_Advanced_Scan_Thorough.pdf, page 32>
Package pdftex.def Info: Juniper_Advanced_Scan_Thorough.pdf, page32 used on inp
ut line 258.
(pdftex.def)             Requested size: 597.53319pt x 845.08269pt.
 [53 <C:/Users/Laurent/Dropbox/School/Master/Thesis/SITREP/SITREP 19/Juniper_Ad
vanced_Scan_Thorough.pdf>]
<Juniper_Advanced_Scan_Thorough.pdf, id=354, page=33, 597.50731pt x 845.04607pt
>
File: Juniper_Advanced_Scan_Thorough.pdf Graphic file (type pdf)
 <use Juniper_Advanced_Scan_Thorough.pdf, page 33>
Package pdftex.def Info: Juniper_Advanced_Scan_Thorough.pdf, page33 used on inp
ut line 258.
(pdftex.def)             Requested size: 597.53319pt x 845.08269pt.
File: Juniper_Advanced_Scan_Thorough.pdf Graphic file (type pdf)

<use Juniper_Advanced_Scan_Thorough.pdf, page 33>
Package pdftex.def Info: Juniper_Advanced_Scan_Thorough.pdf, page33 used on inp
ut line 258.
(pdftex.def)             Requested size: 597.53319pt x 845.08269pt.
File: Juniper_Advanced_Scan_Thorough.pdf Graphic file (type pdf)

<use Juniper_Advanced_Scan_Thorough.pdf, page 33>
Package pdftex.def Info: Juniper_Advanced_Scan_Thorough.pdf, page33 used on inp
ut line 258.
(pdftex.def)             Requested size: 597.53319pt x 845.08269pt.
 [54 <C:/Users/Laurent/Dropbox/School/Master/Thesis/SITREP/SITREP 19/Juniper_Ad
vanced_Scan_Thorough.pdf>]
<Juniper_Advanced_Scan_Thorough.pdf, id=359, page=34, 597.50731pt x 845.04607pt
>
File: Juniper_Advanced_Scan_Thorough.pdf Graphic file (type pdf)
 <use Juniper_Advanced_Scan_Thorough.pdf, page 34>
Package pdftex.def Info: Juniper_Advanced_Scan_Thorough.pdf, page34 used on inp
ut line 258.
(pdftex.def)             Requested size: 597.53319pt x 845.08269pt.
File: Juniper_Advanced_Scan_Thorough.pdf Graphic file (type pdf)

<use Juniper_Advanced_Scan_Thorough.pdf, page 34>
Package pdftex.def Info: Juniper_Advanced_Scan_Thorough.pdf, page34 used on inp
ut line 258.
(pdftex.def)             Requested size: 597.53319pt x 845.08269pt.
File: Juniper_Advanced_Scan_Thorough.pdf Graphic file (type pdf)

<use Juniper_Advanced_Scan_Thorough.pdf, page 34>
Package pdftex.def Info: Juniper_Advanced_Scan_Thorough.pdf, page34 used on inp
ut line 258.
(pdftex.def)             Requested size: 597.53319pt x 845.08269pt.
 [55 <C:/Users/Laurent/Dropbox/School/Master/Thesis/SITREP/SITREP 19/Juniper_Ad
vanced_Scan_Thorough.pdf>]
("C:\Users\Laurent\Dropbox\School\Master\Thesis\SITREP\SITREP 19\SITREP_19.bbl"
Missing character: There is no â in font cmr10!
Missing character: There is no  in font cmr10!
Missing character: There is no  in font cmr10!

Underfull \hbox (badness 10000) in paragraph at lines 11--15
[]\OT1/cmr/m/n/10.95 Auger, R. (2010).  The cross-site re-quest forgery (csrf/x
srf) faq.
 []


Underfull \hbox (badness 10000) in paragraph at lines 17--22
[]\OT1/cmr/m/n/10.95 Gafvert, K. (2006).  Un-der-stand-ing host head-ers in iis
.  \OT1/cmr/m/it/10.95 http://www.it-
 []


Underfull \hbox (badness 10000) in paragraph at lines 24--29
[]\OT1/cmr/m/n/10.95 Hartikainen, J. (2008).  How to pro-tect all your forms.
 []


Underfull \hbox (badness 10000) in paragraph at lines 24--29
\OT1/cmr/m/it/10.95 http://codeutopia.net/blog/2008/10/16/how-to-csrf-protect-a
ll-your-forms/\OT1/cmr/m/n/10.95 .  Re-trieved
 []


Underfull \hbox (badness 10000) in paragraph at lines 37--42
[]\OT1/cmr/m/n/10.95 Kettle, J. (2013).  prac-ti-cal http host header at-tacks.

 []

)
Package atveryend Info: Empty hook `BeforeClearDocument' on input line 267.
 [56]
Package atveryend Info: Empty hook `AfterLastShipout' on input line 267.

("C:\Users\Laurent\Dropbox\School\Master\Thesis\SITREP\SITREP 19\SITREP_19.aux"
)
Package atveryend Info: Executing hook `AtVeryEndDocument' on input line 267.
Package atveryend Info: Executing hook `AtEndAfterFileList' on input line 267.
Package rerunfilecheck Info: File `SITREP_19.out' has not changed.
(rerunfilecheck)             Checksum: D41D8CD98F00B204E9800998ECF8427E;0.
Package atveryend Info: Empty hook `AtVeryVeryEnd' on input line 267.
 ) 
Here is how much of TeX's memory you used:
 7772 strings out of 493921
 118746 string characters out of 3147276
 204099 words of memory out of 3000000
 10867 multiletter control sequences out of 15000+200000
 9940 words of font info for 35 fonts, out of 3000000 for 9000
 841 hyphenation exceptions out of 8191
 42i,18n,43p,738b,464s stack positions out of 5000i,500n,10000p,200000b,50000s
<C:/Program Files/MiKTeX 2.9/fonts/type1/public/amsfonts/cm/cmbx10.pfb><C:/Pr
ogram Files/MiKTeX 2.9/fonts/type1/public/amsfonts/cm/cmbx12.pfb><C:/Program Fi
les/MiKTeX 2.9/fonts/type1/public/amsfonts/cm/cmr10.pfb><C:/Program Files/MiKTe
X 2.9/fonts/type1/public/amsfonts/cm/cmr12.pfb><C:/Program Files/MiKTeX 2.9/fon
ts/type1/public/amsfonts/cm/cmr17.pfb><C:/Program Files/MiKTeX 2.9/fonts/type1/
public/amsfonts/cm/cmsy10.pfb><C:/Program Files/MiKTeX 2.9/fonts/type1/public/a
msfonts/cm/cmti10.pfb><C:/Program Files/MiKTeX 2.9/fonts/type1/public/amsfonts/
cm/cmtt10.pfb>
Output written on SITREP_19.pdf (56 pages, 700642 bytes).
PDF statistics:
 420 PDF objects out of 1000 (max. 8388607)
 96 named destinations out of 1000 (max. 500000)
 301 words of extra memory for PDF output out of 10000 (max. 10000000)

